2022-04-19 09:07:24 INFO Starting ShoppingApplication using Java 11.0.10 on DESKTOP-POHND0E with PID 10432 (C:\Users\hwan\Desktop\shopping\build\classes\java\main started by hwan in C:\Users\hwan\Desktop\shopping)
2022-04-19 09:07:24 INFO No active profile set, falling back to default profiles: default
2022-04-19 09:07:24 INFO Devtools property defaults active! Set 'spring.devtools.add-properties' to 'false' to disable
2022-04-19 09:07:24 INFO For additional web related logging consider setting the 'logging.level.web' property to 'DEBUG'
2022-04-19 09:07:28 INFO Bootstrapping Spring Data JPA repositories in DEFAULT mode.
2022-04-19 09:07:28 INFO Finished Spring Data repository scanning in 155 ms. Found 2 JPA repository interfaces.
2022-04-19 09:07:29 INFO Bean 'org.springframework.security.access.expression.method.DefaultMethodSecurityExpressionHandler@5e09b1f7' of type [org.springframework.security.access.expression.method.DefaultMethodSecurityExpressionHandler] is not eligible for getting processed by all BeanPostProcessors (for example: not eligible for auto-proxying)
2022-04-19 09:07:29 INFO Bean 'methodSecurityMetadataSource' of type [org.springframework.security.access.method.DelegatingMethodSecurityMetadataSource] is not eligible for getting processed by all BeanPostProcessors (for example: not eligible for auto-proxying)
2022-04-19 09:07:32 INFO Tomcat initialized with port(s): 8080 (http)
2022-04-19 09:07:32 INFO Initializing ProtocolHandler ["http-nio-8080"]
2022-04-19 09:07:32 INFO Starting service [Tomcat]
2022-04-19 09:07:32 INFO Starting Servlet engine: [Apache Tomcat/9.0.56]
2022-04-19 09:07:33 INFO Initializing Spring embedded WebApplicationContext
2022-04-19 09:07:33 INFO Root WebApplicationContext: initialization completed in 9020 ms
2022-04-19 09:07:33 INFO HikariPool-1 - Starting...
2022-04-19 09:07:33 INFO HikariPool-1 - Start completed.
2022-04-19 09:07:34 INFO H2 console available at '/h2-console'. Database available at 'jdbc:h2:tcp://localhost/~/vue'
2022-04-19 09:07:34 INFO HHH000204: Processing PersistenceUnitInfo [name: default]
2022-04-19 09:07:34 INFO HHH000412: Hibernate ORM core version 5.4.33
2022-04-19 09:07:35 INFO HCANN000001: Hibernate Commons Annotations {5.1.2.Final}
2022-04-19 09:07:35 INFO HHH000400: Using dialect: org.hibernate.dialect.H2Dialect
2022-04-19 09:07:38 INFO HHH000490: Using JtaPlatform implementation: [org.hibernate.engine.transaction.jta.platform.internal.NoJtaPlatform]
2022-04-19 09:07:38 INFO Initialized JPA EntityManagerFactory for persistence unit 'default'
2022-04-19 09:07:40 WARN spring.jpa.open-in-view is enabled by default. Therefore, database queries may be performed during view rendering. Explicitly configure spring.jpa.open-in-view to disable this warning
2022-04-19 09:07:41 INFO Exposing 1 endpoint(s) beneath base path '/actuator'
2022-04-19 09:07:42 INFO Will secure Ant [pattern='/css/**'] with []
2022-04-19 09:07:42 INFO Will secure Ant [pattern='/js/**'] with []
2022-04-19 09:07:42 INFO Will secure Ant [pattern='/img/**'] with []
2022-04-19 09:07:42 INFO Will secure Ant [pattern='/lib/**'] with []
2022-04-19 09:07:42 INFO Will secure any request with [org.springframework.security.web.context.request.async.WebAsyncManagerIntegrationFilter@6f51ca50, org.springframework.security.web.context.SecurityContextPersistenceFilter@61a2836a, org.springframework.security.web.header.HeaderWriterFilter@3e3174b7, org.springframework.web.filter.CorsFilter@41be7411, org.springframework.security.web.authentication.logout.LogoutFilter@1837a05b, org.springframework.security.web.authentication.UsernamePasswordAuthenticationFilter@27d3a2c3, org.springframework.security.web.authentication.ui.DefaultLoginPageGeneratingFilter@39dfaa0c, org.springframework.security.web.authentication.ui.DefaultLogoutPageGeneratingFilter@5ffab927, org.springframework.security.web.savedrequest.RequestCacheAwareFilter@3c71b945, org.springframework.security.web.servletapi.SecurityContextHolderAwareRequestFilter@16a21a0d, org.springframework.security.web.authentication.AnonymousAuthenticationFilter@6585cda1, org.springframework.security.web.session.SessionManagementFilter@78c6f780, org.springframework.security.web.access.ExceptionTranslationFilter@76bdeb91, org.springframework.security.web.access.intercept.FilterSecurityInterceptor@ab85e4f]
2022-04-19 09:07:43 INFO LiveReload server is running on port 35729
2022-04-19 09:07:43 INFO Adding welcome page: class path resource [static/index.html]
2022-04-19 09:07:44 INFO Starting ProtocolHandler ["http-nio-8080"]
2022-04-19 09:07:44 INFO Tomcat started on port(s): 8080 (http) with context path ''
2022-04-19 09:07:45 INFO Started ShoppingApplication in 22.513 seconds (JVM running for 26.935)
2022-04-19 09:08:54 INFO Initializing Spring DispatcherServlet 'dispatcherServlet'
2022-04-19 09:08:54 INFO Initializing Servlet 'dispatcherServlet'
2022-04-19 09:08:54 INFO Completed initialization in 4 ms
