2022-02-11 09:50:23 INFO Starting ShoppingApplication using Java 11.0.10 on DESKTOP-POHND0E with PID 14224 (C:\Users\hwan\Desktop\shopping\build\classes\java\main started by hwan in C:\Users\hwan\Desktop\shopping)
2022-02-11 09:50:23 INFO No active profile set, falling back to default profiles: default
2022-02-11 09:50:23 INFO Devtools property defaults active! Set 'spring.devtools.add-properties' to 'false' to disable
2022-02-11 09:50:23 INFO For additional web related logging consider setting the 'logging.level.web' property to 'DEBUG'
2022-02-11 09:50:25 INFO Bootstrapping Spring Data JPA repositories in DEFAULT mode.
2022-02-11 09:50:25 INFO Finished Spring Data repository scanning in 110 ms. Found 2 JPA repository interfaces.
2022-02-11 09:50:26 INFO Bean 'org.springframework.security.access.expression.method.DefaultMethodSecurityExpressionHandler@6e52d059' of type [org.springframework.security.access.expression.method.DefaultMethodSecurityExpressionHandler] is not eligible for getting processed by all BeanPostProcessors (for example: not eligible for auto-proxying)
2022-02-11 09:50:26 INFO Bean 'methodSecurityMetadataSource' of type [org.springframework.security.access.method.DelegatingMethodSecurityMetadataSource] is not eligible for getting processed by all BeanPostProcessors (for example: not eligible for auto-proxying)
2022-02-11 09:50:28 INFO Tomcat initialized with port(s): 8080 (http)
2022-02-11 09:50:28 INFO Initializing ProtocolHandler ["http-nio-8080"]
2022-02-11 09:50:28 INFO Starting service [Tomcat]
2022-02-11 09:50:28 INFO Starting Servlet engine: [Apache Tomcat/9.0.56]
2022-02-11 09:50:28 INFO Initializing Spring embedded WebApplicationContext
2022-02-11 09:50:28 INFO Root WebApplicationContext: initialization completed in 5183 ms
2022-02-11 09:50:28 INFO HikariPool-1 - Starting...
2022-02-11 09:50:29 INFO HikariPool-1 - Start completed.
2022-02-11 09:50:29 INFO H2 console available at '/h2-console'. Database available at 'jdbc:h2:tcp://localhost/~/vue'
2022-02-11 09:50:29 INFO HHH000204: Processing PersistenceUnitInfo [name: default]
2022-02-11 09:50:29 INFO HHH000412: Hibernate ORM core version 5.4.33
2022-02-11 09:50:30 INFO HCANN000001: Hibernate Commons Annotations {5.1.2.Final}
2022-02-11 09:50:30 INFO HHH000400: Using dialect: org.hibernate.dialect.H2Dialect
2022-02-11 09:50:31 INFO HHH000490: Using JtaPlatform implementation: [org.hibernate.engine.transaction.jta.platform.internal.NoJtaPlatform]
2022-02-11 09:50:31 INFO Initialized JPA EntityManagerFactory for persistence unit 'default'
2022-02-11 09:50:32 WARN spring.jpa.open-in-view is enabled by default. Therefore, database queries may be performed during view rendering. Explicitly configure spring.jpa.open-in-view to disable this warning
2022-02-11 09:50:33 INFO Exposing 1 endpoint(s) beneath base path '/actuator'
2022-02-11 09:50:33 INFO Will secure Ant [pattern='/css/**'] with []
2022-02-11 09:50:33 INFO Will secure Ant [pattern='/js/**'] with []
2022-02-11 09:50:33 INFO Will secure Ant [pattern='/img/**'] with []
2022-02-11 09:50:33 INFO Will secure Ant [pattern='/lib/**'] with []
2022-02-11 09:50:33 INFO Will secure any request with [org.springframework.security.web.context.request.async.WebAsyncManagerIntegrationFilter@374c3c69, org.springframework.security.web.context.SecurityContextPersistenceFilter@6b83f067, org.springframework.security.web.header.HeaderWriterFilter@184cec46, org.springframework.security.web.csrf.CsrfFilter@2634402d, org.springframework.security.web.authentication.logout.LogoutFilter@2105579, org.springframework.security.web.authentication.UsernamePasswordAuthenticationFilter@1b73b496, org.springframework.security.web.savedrequest.RequestCacheAwareFilter@5ed44359, org.springframework.security.web.servletapi.SecurityContextHolderAwareRequestFilter@189625a6, org.springframework.security.web.authentication.AnonymousAuthenticationFilter@65e8aa91, org.springframework.security.web.session.SessionManagementFilter@11a5e3bb, org.springframework.security.web.access.ExceptionTranslationFilter@3052c2de, org.springframework.security.web.access.intercept.FilterSecurityInterceptor@16175089]
2022-02-11 09:50:34 INFO LiveReload server is running on port 35729
2022-02-11 09:50:34 INFO Starting ProtocolHandler ["http-nio-8080"]
2022-02-11 09:50:34 INFO Tomcat started on port(s): 8080 (http) with context path ''
2022-02-11 09:50:35 INFO Started ShoppingApplication in 12.877 seconds (JVM running for 15.203)
2022-02-11 09:50:48 INFO Initializing Spring DispatcherServlet 'dispatcherServlet'
2022-02-11 09:50:48 INFO Initializing Servlet 'dispatcherServlet'
2022-02-11 09:50:48 INFO Completed initialization in 3 ms
2022-02-11 09:52:30 WARN Creation of SecureRandom instance for session ID generation using [SHA1PRNG] took [1,007] milliseconds.
2022-02-11 11:41:31 INFO Error parsing HTTP request header
 Note: further occurrences of HTTP request parsing errors will be logged at DEBUG level.
java.lang.IllegalArgumentException: Invalid character found in method name [0x030x000x000x130x0e0xe00x000x000x000x000x000x010x000x080x000x020x000x000x00...]. HTTP method names must be tokens
	at org.apache.coyote.http11.Http11InputBuffer.parseRequestLine(Http11InputBuffer.java:419) ~[tomcat-embed-core-9.0.56.jar:9.0.56]
	at org.apache.coyote.http11.Http11Processor.service(Http11Processor.java:269) [tomcat-embed-core-9.0.56.jar:9.0.56]
	at org.apache.coyote.AbstractProcessorLight.process(AbstractProcessorLight.java:65) [tomcat-embed-core-9.0.56.jar:9.0.56]
	at org.apache.coyote.AbstractProtocol$ConnectionHandler.process(AbstractProtocol.java:895) [tomcat-embed-core-9.0.56.jar:9.0.56]
	at org.apache.tomcat.util.net.NioEndpoint$SocketProcessor.doRun(NioEndpoint.java:1732) [tomcat-embed-core-9.0.56.jar:9.0.56]
	at org.apache.tomcat.util.net.SocketProcessorBase.run(SocketProcessorBase.java:49) [tomcat-embed-core-9.0.56.jar:9.0.56]
	at org.apache.tomcat.util.threads.ThreadPoolExecutor.runWorker(ThreadPoolExecutor.java:1191) [tomcat-embed-core-9.0.56.jar:9.0.56]
	at org.apache.tomcat.util.threads.ThreadPoolExecutor$Worker.run(ThreadPoolExecutor.java:659) [tomcat-embed-core-9.0.56.jar:9.0.56]
	at org.apache.tomcat.util.threads.TaskThread$WrappingRunnable.run(TaskThread.java:61) [tomcat-embed-core-9.0.56.jar:9.0.56]
	at java.lang.Thread.run(Thread.java:834) [?:?]
