2022-02-04 17:06:20 INFO Starting ShoppingApplication using Java 11.0.10 on DESKTOP-POHND0E with PID 576 (C:\Users\hwan\Desktop\shopping\build\classes\java\main started by hwan in C:\Users\hwan\Desktop\shopping)
2022-02-04 17:06:20 INFO No active profile set, falling back to default profiles: default
2022-02-04 17:06:21 INFO Devtools property defaults active! Set 'spring.devtools.add-properties' to 'false' to disable
2022-02-04 17:06:21 INFO For additional web related logging consider setting the 'logging.level.web' property to 'DEBUG'
2022-02-04 17:06:23 INFO Bootstrapping Spring Data JPA repositories in DEFAULT mode.
2022-02-04 17:06:23 INFO Finished Spring Data repository scanning in 101 ms. Found 2 JPA repository interfaces.
2022-02-04 17:07:02 INFO Starting ShoppingApplication using Java 11.0.10 on DESKTOP-POHND0E with PID 17792 (C:\Users\hwan\Desktop\shopping\build\classes\java\main started by hwan in C:\Users\hwan\Desktop\shopping)
2022-02-04 17:07:02 INFO No active profile set, falling back to default profiles: default
2022-02-04 17:07:02 INFO Devtools property defaults active! Set 'spring.devtools.add-properties' to 'false' to disable
2022-02-04 17:07:02 INFO For additional web related logging consider setting the 'logging.level.web' property to 'DEBUG'
2022-02-04 17:07:04 INFO Bootstrapping Spring Data JPA repositories in DEFAULT mode.
2022-02-04 17:07:04 INFO Finished Spring Data repository scanning in 103 ms. Found 2 JPA repository interfaces.
2022-02-04 17:07:07 INFO Tomcat initialized with port(s): 8080 (http)
2022-02-04 17:07:07 INFO Initializing ProtocolHandler ["http-nio-8080"]
2022-02-04 17:07:07 INFO Starting service [Tomcat]
2022-02-04 17:07:07 INFO Starting Servlet engine: [Apache Tomcat/9.0.56]
2022-02-04 17:07:07 INFO Initializing Spring embedded WebApplicationContext
2022-02-04 17:07:07 INFO Root WebApplicationContext: initialization completed in 5571 ms
2022-02-04 17:07:08 INFO HikariPool-1 - Starting...
2022-02-04 17:07:08 INFO HikariPool-1 - Start completed.
2022-02-04 17:07:08 INFO H2 console available at '/h2-console'. Database available at 'jdbc:h2:tcp://localhost/~/vue'
2022-02-04 17:07:08 INFO HHH000204: Processing PersistenceUnitInfo [name: default]
2022-02-04 17:07:08 INFO HHH000412: Hibernate ORM core version 5.4.33
2022-02-04 17:07:09 INFO HCANN000001: Hibernate Commons Annotations {5.1.2.Final}
2022-02-04 17:07:09 INFO HHH000400: Using dialect: org.hibernate.dialect.H2Dialect
2022-02-04 17:07:10 ERROR Failed to initialize JPA EntityManagerFactory: No identifier specified for entity: com.hwan.shopping.domain.Account
2022-02-04 17:07:10 WARN Exception encountered during context initialization - cancelling refresh attempt: org.springframework.beans.factory.BeanCreationException: Error creating bean with name 'entityManagerFactory' defined in class path resource [org/springframework/boot/autoconfigure/orm/jpa/HibernateJpaConfiguration.class]: Invocation of init method failed; nested exception is org.hibernate.AnnotationException: No identifier specified for entity: com.hwan.shopping.domain.Account
2022-02-04 17:07:10 INFO HikariPool-1 - Shutdown initiated...
2022-02-04 17:07:10 INFO HikariPool-1 - Shutdown completed.
2022-02-04 17:07:10 INFO Stopping service [Tomcat]
2022-02-04 17:07:10 INFO 

Error starting ApplicationContext. To display the conditions report re-run your application with 'debug' enabled.
2022-02-04 17:07:10 ERROR Application run failed
org.springframework.beans.factory.BeanCreationException: Error creating bean with name 'entityManagerFactory' defined in class path resource [org/springframework/boot/autoconfigure/orm/jpa/HibernateJpaConfiguration.class]: Invocation of init method failed; nested exception is org.hibernate.AnnotationException: No identifier specified for entity: com.hwan.shopping.domain.Account
	at org.springframework.beans.factory.support.AbstractAutowireCapableBeanFactory.initializeBean(AbstractAutowireCapableBeanFactory.java:1804) ~[spring-beans-5.3.15.jar:5.3.15]
	at org.springframework.beans.factory.support.AbstractAutowireCapableBeanFactory.doCreateBean(AbstractAutowireCapableBeanFactory.java:620) ~[spring-beans-5.3.15.jar:5.3.15]
	at org.springframework.beans.factory.support.AbstractAutowireCapableBeanFactory.createBean(AbstractAutowireCapableBeanFactory.java:542) ~[spring-beans-5.3.15.jar:5.3.15]
	at org.springframework.beans.factory.support.AbstractBeanFactory.lambda$doGetBean$0(AbstractBeanFactory.java:335) ~[spring-beans-5.3.15.jar:5.3.15]
	at org.springframework.beans.factory.support.DefaultSingletonBeanRegistry.getSingleton(DefaultSingletonBeanRegistry.java:234) ~[spring-beans-5.3.15.jar:5.3.15]
	at org.springframework.beans.factory.support.AbstractBeanFactory.doGetBean(AbstractBeanFactory.java:333) ~[spring-beans-5.3.15.jar:5.3.15]
	at org.springframework.beans.factory.support.AbstractBeanFactory.getBean(AbstractBeanFactory.java:208) ~[spring-beans-5.3.15.jar:5.3.15]
	at org.springframework.context.support.AbstractApplicationContext.getBean(AbstractApplicationContext.java:1154) ~[spring-context-5.3.15.jar:5.3.15]
	at org.springframework.context.support.AbstractApplicationContext.finishBeanFactoryInitialization(AbstractApplicationContext.java:908) ~[spring-context-5.3.15.jar:5.3.15]
	at org.springframework.context.support.AbstractApplicationContext.refresh(AbstractApplicationContext.java:583) ~[spring-context-5.3.15.jar:5.3.15]
	at org.springframework.boot.web.servlet.context.ServletWebServerApplicationContext.refresh(ServletWebServerApplicationContext.java:145) ~[spring-boot-2.5.9.jar:2.5.9]
	at org.springframework.boot.SpringApplication.refresh(SpringApplication.java:767) [spring-boot-2.5.9.jar:2.5.9]
	at org.springframework.boot.SpringApplication.refreshContext(SpringApplication.java:447) [spring-boot-2.5.9.jar:2.5.9]
	at org.springframework.boot.SpringApplication.run(SpringApplication.java:338) [spring-boot-2.5.9.jar:2.5.9]
	at org.springframework.boot.SpringApplication.run(SpringApplication.java:1356) [spring-boot-2.5.9.jar:2.5.9]
	at org.springframework.boot.SpringApplication.run(SpringApplication.java:1345) [spring-boot-2.5.9.jar:2.5.9]
	at com.hwan.shopping.ShoppingApplication.main(ShoppingApplication.java:12) [main/:?]
	at jdk.internal.reflect.NativeMethodAccessorImpl.invoke0(Native Method) ~[?:?]
	at jdk.internal.reflect.NativeMethodAccessorImpl.invoke(NativeMethodAccessorImpl.java:62) ~[?:?]
	at jdk.internal.reflect.DelegatingMethodAccessorImpl.invoke(DelegatingMethodAccessorImpl.java:43) ~[?:?]
	at java.lang.reflect.Method.invoke(Method.java:566) ~[?:?]
	at org.springframework.boot.devtools.restart.RestartLauncher.run(RestartLauncher.java:49) [spring-boot-devtools-2.5.9.jar:2.5.9]
Caused by: org.hibernate.AnnotationException: No identifier specified for entity: com.hwan.shopping.domain.Account
	at org.hibernate.cfg.InheritanceState.determineDefaultAccessType(InheritanceState.java:266) ~[hibernate-core-5.4.33.jar:5.4.33]
	at org.hibernate.cfg.InheritanceState.getElementsToProcess(InheritanceState.java:211) ~[hibernate-core-5.4.33.jar:5.4.33]
	at org.hibernate.cfg.AnnotationBinder.bindClass(AnnotationBinder.java:785) ~[hibernate-core-5.4.33.jar:5.4.33]
	at org.hibernate.boot.model.source.internal.annotations.AnnotationMetadataSourceProcessorImpl.processEntityHierarchies(AnnotationMetadataSourceProcessorImpl.java:248) ~[hibernate-core-5.4.33.jar:5.4.33]
	at org.hibernate.boot.model.process.spi.MetadataBuildingProcess$1.processEntityHierarchies(MetadataBuildingProcess.java:239) ~[hibernate-core-5.4.33.jar:5.4.33]
	at org.hibernate.boot.model.process.spi.MetadataBuildingProcess.complete(MetadataBuildingProcess.java:282) ~[hibernate-core-5.4.33.jar:5.4.33]
	at org.hibernate.jpa.boot.internal.EntityManagerFactoryBuilderImpl.metadata(EntityManagerFactoryBuilderImpl.java:1224) ~[hibernate-core-5.4.33.jar:5.4.33]
	at org.hibernate.jpa.boot.internal.EntityManagerFactoryBuilderImpl.build(EntityManagerFactoryBuilderImpl.java:1255) ~[hibernate-core-5.4.33.jar:5.4.33]
	at org.springframework.orm.jpa.vendor.SpringHibernateJpaPersistenceProvider.createContainerEntityManagerFactory(SpringHibernateJpaPersistenceProvider.java:58) ~[spring-orm-5.3.15.jar:5.3.15]
	at org.springframework.orm.jpa.LocalContainerEntityManagerFactoryBean.createNativeEntityManagerFactory(LocalContainerEntityManagerFactoryBean.java:365) ~[spring-orm-5.3.15.jar:5.3.15]
	at org.springframework.orm.jpa.AbstractEntityManagerFactoryBean.buildNativeEntityManagerFactory(AbstractEntityManagerFactoryBean.java:409) ~[spring-orm-5.3.15.jar:5.3.15]
	at org.springframework.orm.jpa.AbstractEntityManagerFactoryBean.afterPropertiesSet(AbstractEntityManagerFactoryBean.java:396) ~[spring-orm-5.3.15.jar:5.3.15]
	at org.springframework.orm.jpa.LocalContainerEntityManagerFactoryBean.afterPropertiesSet(LocalContainerEntityManagerFactoryBean.java:341) ~[spring-orm-5.3.15.jar:5.3.15]
	at org.springframework.beans.factory.support.AbstractAutowireCapableBeanFactory.invokeInitMethods(AbstractAutowireCapableBeanFactory.java:1863) ~[spring-beans-5.3.15.jar:5.3.15]
	at org.springframework.beans.factory.support.AbstractAutowireCapableBeanFactory.initializeBean(AbstractAutowireCapableBeanFactory.java:1800) ~[spring-beans-5.3.15.jar:5.3.15]
	... 21 more
2022-02-04 17:40:36 INFO Starting ShoppingApplication using Java 11.0.10 on DESKTOP-POHND0E with PID 18756 (C:\Users\hwan\Desktop\shopping\build\classes\java\main started by hwan in C:\Users\hwan\Desktop\shopping)
2022-02-04 17:40:36 INFO No active profile set, falling back to default profiles: default
2022-02-04 17:40:36 INFO Devtools property defaults active! Set 'spring.devtools.add-properties' to 'false' to disable
2022-02-04 17:40:36 INFO For additional web related logging consider setting the 'logging.level.web' property to 'DEBUG'
2022-02-04 17:40:38 INFO Bootstrapping Spring Data JPA repositories in DEFAULT mode.
2022-02-04 17:40:38 INFO Finished Spring Data repository scanning in 85 ms. Found 2 JPA repository interfaces.
2022-02-04 17:40:41 INFO Tomcat initialized with port(s): 8080 (http)
2022-02-04 17:40:41 INFO Initializing ProtocolHandler ["http-nio-8080"]
2022-02-04 17:40:41 INFO Starting service [Tomcat]
2022-02-04 17:40:41 INFO Starting Servlet engine: [Apache Tomcat/9.0.56]
2022-02-04 17:40:41 INFO Initializing Spring embedded WebApplicationContext
2022-02-04 17:40:41 INFO Root WebApplicationContext: initialization completed in 5331 ms
2022-02-04 17:40:41 INFO HikariPool-1 - Starting...
2022-02-04 17:40:42 INFO HikariPool-1 - Start completed.
2022-02-04 17:40:42 INFO H2 console available at '/h2-console'. Database available at 'jdbc:h2:tcp://localhost/~/vue'
2022-02-04 17:40:42 INFO HHH000204: Processing PersistenceUnitInfo [name: default]
2022-02-04 17:40:42 INFO HHH000412: Hibernate ORM core version 5.4.33
2022-02-04 17:40:42 INFO HCANN000001: Hibernate Commons Annotations {5.1.2.Final}
2022-02-04 17:40:43 INFO HHH000400: Using dialect: org.hibernate.dialect.H2Dialect
2022-02-04 17:40:43 ERROR Failed to initialize JPA EntityManagerFactory: No identifier specified for entity: com.hwan.shopping.domain.Account
2022-02-04 17:40:43 WARN Exception encountered during context initialization - cancelling refresh attempt: org.springframework.beans.factory.BeanCreationException: Error creating bean with name 'entityManagerFactory' defined in class path resource [org/springframework/boot/autoconfigure/orm/jpa/HibernateJpaConfiguration.class]: Invocation of init method failed; nested exception is org.hibernate.AnnotationException: No identifier specified for entity: com.hwan.shopping.domain.Account
2022-02-04 17:40:43 INFO HikariPool-1 - Shutdown initiated...
2022-02-04 17:40:43 INFO HikariPool-1 - Shutdown completed.
2022-02-04 17:40:43 INFO Stopping service [Tomcat]
2022-02-04 17:40:43 INFO 

Error starting ApplicationContext. To display the conditions report re-run your application with 'debug' enabled.
2022-02-04 17:40:43 ERROR Application run failed
org.springframework.beans.factory.BeanCreationException: Error creating bean with name 'entityManagerFactory' defined in class path resource [org/springframework/boot/autoconfigure/orm/jpa/HibernateJpaConfiguration.class]: Invocation of init method failed; nested exception is org.hibernate.AnnotationException: No identifier specified for entity: com.hwan.shopping.domain.Account
	at org.springframework.beans.factory.support.AbstractAutowireCapableBeanFactory.initializeBean(AbstractAutowireCapableBeanFactory.java:1804) ~[spring-beans-5.3.15.jar:5.3.15]
	at org.springframework.beans.factory.support.AbstractAutowireCapableBeanFactory.doCreateBean(AbstractAutowireCapableBeanFactory.java:620) ~[spring-beans-5.3.15.jar:5.3.15]
	at org.springframework.beans.factory.support.AbstractAutowireCapableBeanFactory.createBean(AbstractAutowireCapableBeanFactory.java:542) ~[spring-beans-5.3.15.jar:5.3.15]
	at org.springframework.beans.factory.support.AbstractBeanFactory.lambda$doGetBean$0(AbstractBeanFactory.java:335) ~[spring-beans-5.3.15.jar:5.3.15]
	at org.springframework.beans.factory.support.DefaultSingletonBeanRegistry.getSingleton(DefaultSingletonBeanRegistry.java:234) ~[spring-beans-5.3.15.jar:5.3.15]
	at org.springframework.beans.factory.support.AbstractBeanFactory.doGetBean(AbstractBeanFactory.java:333) ~[spring-beans-5.3.15.jar:5.3.15]
	at org.springframework.beans.factory.support.AbstractBeanFactory.getBean(AbstractBeanFactory.java:208) ~[spring-beans-5.3.15.jar:5.3.15]
	at org.springframework.context.support.AbstractApplicationContext.getBean(AbstractApplicationContext.java:1154) ~[spring-context-5.3.15.jar:5.3.15]
	at org.springframework.context.support.AbstractApplicationContext.finishBeanFactoryInitialization(AbstractApplicationContext.java:908) ~[spring-context-5.3.15.jar:5.3.15]
	at org.springframework.context.support.AbstractApplicationContext.refresh(AbstractApplicationContext.java:583) ~[spring-context-5.3.15.jar:5.3.15]
	at org.springframework.boot.web.servlet.context.ServletWebServerApplicationContext.refresh(ServletWebServerApplicationContext.java:145) ~[spring-boot-2.5.9.jar:2.5.9]
	at org.springframework.boot.SpringApplication.refresh(SpringApplication.java:767) [spring-boot-2.5.9.jar:2.5.9]
	at org.springframework.boot.SpringApplication.refreshContext(SpringApplication.java:447) [spring-boot-2.5.9.jar:2.5.9]
	at org.springframework.boot.SpringApplication.run(SpringApplication.java:338) [spring-boot-2.5.9.jar:2.5.9]
	at org.springframework.boot.SpringApplication.run(SpringApplication.java:1356) [spring-boot-2.5.9.jar:2.5.9]
	at org.springframework.boot.SpringApplication.run(SpringApplication.java:1345) [spring-boot-2.5.9.jar:2.5.9]
	at com.hwan.shopping.ShoppingApplication.main(ShoppingApplication.java:12) [main/:?]
	at jdk.internal.reflect.NativeMethodAccessorImpl.invoke0(Native Method) ~[?:?]
	at jdk.internal.reflect.NativeMethodAccessorImpl.invoke(NativeMethodAccessorImpl.java:62) ~[?:?]
	at jdk.internal.reflect.DelegatingMethodAccessorImpl.invoke(DelegatingMethodAccessorImpl.java:43) ~[?:?]
	at java.lang.reflect.Method.invoke(Method.java:566) ~[?:?]
	at org.springframework.boot.devtools.restart.RestartLauncher.run(RestartLauncher.java:49) [spring-boot-devtools-2.5.9.jar:2.5.9]
Caused by: org.hibernate.AnnotationException: No identifier specified for entity: com.hwan.shopping.domain.Account
	at org.hibernate.cfg.InheritanceState.determineDefaultAccessType(InheritanceState.java:266) ~[hibernate-core-5.4.33.jar:5.4.33]
	at org.hibernate.cfg.InheritanceState.getElementsToProcess(InheritanceState.java:211) ~[hibernate-core-5.4.33.jar:5.4.33]
	at org.hibernate.cfg.AnnotationBinder.bindClass(AnnotationBinder.java:785) ~[hibernate-core-5.4.33.jar:5.4.33]
	at org.hibernate.boot.model.source.internal.annotations.AnnotationMetadataSourceProcessorImpl.processEntityHierarchies(AnnotationMetadataSourceProcessorImpl.java:248) ~[hibernate-core-5.4.33.jar:5.4.33]
	at org.hibernate.boot.model.process.spi.MetadataBuildingProcess$1.processEntityHierarchies(MetadataBuildingProcess.java:239) ~[hibernate-core-5.4.33.jar:5.4.33]
	at org.hibernate.boot.model.process.spi.MetadataBuildingProcess.complete(MetadataBuildingProcess.java:282) ~[hibernate-core-5.4.33.jar:5.4.33]
	at org.hibernate.jpa.boot.internal.EntityManagerFactoryBuilderImpl.metadata(EntityManagerFactoryBuilderImpl.java:1224) ~[hibernate-core-5.4.33.jar:5.4.33]
	at org.hibernate.jpa.boot.internal.EntityManagerFactoryBuilderImpl.build(EntityManagerFactoryBuilderImpl.java:1255) ~[hibernate-core-5.4.33.jar:5.4.33]
	at org.springframework.orm.jpa.vendor.SpringHibernateJpaPersistenceProvider.createContainerEntityManagerFactory(SpringHibernateJpaPersistenceProvider.java:58) ~[spring-orm-5.3.15.jar:5.3.15]
	at org.springframework.orm.jpa.LocalContainerEntityManagerFactoryBean.createNativeEntityManagerFactory(LocalContainerEntityManagerFactoryBean.java:365) ~[spring-orm-5.3.15.jar:5.3.15]
	at org.springframework.orm.jpa.AbstractEntityManagerFactoryBean.buildNativeEntityManagerFactory(AbstractEntityManagerFactoryBean.java:409) ~[spring-orm-5.3.15.jar:5.3.15]
	at org.springframework.orm.jpa.AbstractEntityManagerFactoryBean.afterPropertiesSet(AbstractEntityManagerFactoryBean.java:396) ~[spring-orm-5.3.15.jar:5.3.15]
	at org.springframework.orm.jpa.LocalContainerEntityManagerFactoryBean.afterPropertiesSet(LocalContainerEntityManagerFactoryBean.java:341) ~[spring-orm-5.3.15.jar:5.3.15]
	at org.springframework.beans.factory.support.AbstractAutowireCapableBeanFactory.invokeInitMethods(AbstractAutowireCapableBeanFactory.java:1863) ~[spring-beans-5.3.15.jar:5.3.15]
	at org.springframework.beans.factory.support.AbstractAutowireCapableBeanFactory.initializeBean(AbstractAutowireCapableBeanFactory.java:1800) ~[spring-beans-5.3.15.jar:5.3.15]
	... 21 more
2022-02-04 17:41:28 INFO Starting ShoppingApplication using Java 11.0.10 on DESKTOP-POHND0E with PID 13068 (C:\Users\hwan\Desktop\shopping\build\classes\java\main started by hwan in C:\Users\hwan\Desktop\shopping)
2022-02-04 17:41:28 INFO No active profile set, falling back to default profiles: default
2022-02-04 17:41:28 INFO Devtools property defaults active! Set 'spring.devtools.add-properties' to 'false' to disable
2022-02-04 17:41:28 INFO For additional web related logging consider setting the 'logging.level.web' property to 'DEBUG'
2022-02-04 17:41:31 INFO Bootstrapping Spring Data JPA repositories in DEFAULT mode.
2022-02-04 17:41:31 INFO Finished Spring Data repository scanning in 78 ms. Found 2 JPA repository interfaces.
2022-02-04 17:41:33 INFO Tomcat initialized with port(s): 8080 (http)
2022-02-04 17:41:33 INFO Initializing ProtocolHandler ["http-nio-8080"]
2022-02-04 17:41:33 INFO Starting service [Tomcat]
2022-02-04 17:41:33 INFO Starting Servlet engine: [Apache Tomcat/9.0.56]
2022-02-04 17:41:33 INFO Initializing Spring embedded WebApplicationContext
2022-02-04 17:41:33 INFO Root WebApplicationContext: initialization completed in 4955 ms
2022-02-04 17:41:34 INFO HikariPool-1 - Starting...
2022-02-04 17:41:34 INFO HikariPool-1 - Start completed.
2022-02-04 17:41:34 INFO H2 console available at '/h2-console'. Database available at 'jdbc:h2:tcp://localhost/~/vue'
2022-02-04 17:41:34 INFO HHH000204: Processing PersistenceUnitInfo [name: default]
2022-02-04 17:41:34 INFO HHH000412: Hibernate ORM core version 5.4.33
2022-02-04 17:41:35 INFO HCANN000001: Hibernate Commons Annotations {5.1.2.Final}
2022-02-04 17:41:35 INFO HHH000400: Using dialect: org.hibernate.dialect.H2Dialect
2022-02-04 17:41:35 INFO HHH000490: Using JtaPlatform implementation: [org.hibernate.engine.transaction.jta.platform.internal.NoJtaPlatform]
2022-02-04 17:41:35 INFO Initialized JPA EntityManagerFactory for persistence unit 'default'
2022-02-04 17:41:36 WARN spring.jpa.open-in-view is enabled by default. Therefore, database queries may be performed during view rendering. Explicitly configure spring.jpa.open-in-view to disable this warning
2022-02-04 17:41:36 INFO Exposing 1 endpoint(s) beneath base path '/actuator'
2022-02-04 17:41:37 INFO LiveReload server is running on port 35729
2022-02-04 17:41:37 INFO 

Using generated security password: a854c9de-e855-431d-b764-8b31373e7a66

2022-02-04 17:41:37 INFO Will secure any request with [org.springframework.security.web.context.request.async.WebAsyncManagerIntegrationFilter@1e314e06, org.springframework.security.web.context.SecurityContextPersistenceFilter@2a41c7d2, org.springframework.security.web.header.HeaderWriterFilter@6f01951c, org.springframework.web.filter.CorsFilter@66ec7705, org.springframework.security.web.csrf.CsrfFilter@a6a04c0, org.springframework.security.web.authentication.logout.LogoutFilter@a4d2ac5, org.springframework.security.web.authentication.UsernamePasswordAuthenticationFilter@1c53769f, org.springframework.security.web.authentication.ui.DefaultLoginPageGeneratingFilter@1d1c4f43, org.springframework.security.web.authentication.ui.DefaultLogoutPageGeneratingFilter@3de583c0, org.springframework.security.web.authentication.www.BasicAuthenticationFilter@4603ba32, org.springframework.security.web.savedrequest.RequestCacheAwareFilter@3983d1d9, org.springframework.security.web.servletapi.SecurityContextHolderAwareRequestFilter@3b8e21f2, org.springframework.security.web.authentication.AnonymousAuthenticationFilter@28c70027, org.springframework.security.web.session.SessionManagementFilter@48c50bef, org.springframework.security.web.access.ExceptionTranslationFilter@25fe3e58, org.springframework.security.web.access.intercept.FilterSecurityInterceptor@41cdb604]
2022-02-04 17:41:38 WARN Exception encountered during context initialization - cancelling refresh attempt: org.springframework.beans.factory.BeanCreationException: Error creating bean with name 'boardRepository' defined in com.hwan.shopping.repository.BoardRepository defined in @EnableJpaRepositories declared on JpaRepositoriesRegistrar.EnableJpaRepositoriesConfiguration: Invocation of init method failed; nested exception is java.lang.IllegalArgumentException: Not a managed type: class com.hwan.shopping.domain.Board
2022-02-04 17:41:38 INFO Closing JPA EntityManagerFactory for persistence unit 'default'
2022-02-04 17:41:38 INFO HikariPool-1 - Shutdown initiated...
2022-02-04 17:41:38 INFO HikariPool-1 - Shutdown completed.
2022-02-04 17:41:38 INFO Stopping service [Tomcat]
2022-02-04 17:41:38 INFO 

Error starting ApplicationContext. To display the conditions report re-run your application with 'debug' enabled.
2022-02-04 17:41:38 ERROR Application run failed
org.springframework.beans.factory.BeanCreationException: Error creating bean with name 'boardRepository' defined in com.hwan.shopping.repository.BoardRepository defined in @EnableJpaRepositories declared on JpaRepositoriesRegistrar.EnableJpaRepositoriesConfiguration: Invocation of init method failed; nested exception is java.lang.IllegalArgumentException: Not a managed type: class com.hwan.shopping.domain.Board
	at org.springframework.beans.factory.support.AbstractAutowireCapableBeanFactory.initializeBean(AbstractAutowireCapableBeanFactory.java:1804) ~[spring-beans-5.3.15.jar:5.3.15]
	at org.springframework.beans.factory.support.AbstractAutowireCapableBeanFactory.doCreateBean(AbstractAutowireCapableBeanFactory.java:620) ~[spring-beans-5.3.15.jar:5.3.15]
	at org.springframework.beans.factory.support.AbstractAutowireCapableBeanFactory.createBean(AbstractAutowireCapableBeanFactory.java:542) ~[spring-beans-5.3.15.jar:5.3.15]
	at org.springframework.beans.factory.support.AbstractBeanFactory.lambda$doGetBean$0(AbstractBeanFactory.java:335) ~[spring-beans-5.3.15.jar:5.3.15]
	at org.springframework.beans.factory.support.DefaultSingletonBeanRegistry.getSingleton(DefaultSingletonBeanRegistry.java:234) ~[spring-beans-5.3.15.jar:5.3.15]
	at org.springframework.beans.factory.support.AbstractBeanFactory.doGetBean(AbstractBeanFactory.java:333) ~[spring-beans-5.3.15.jar:5.3.15]
	at org.springframework.beans.factory.support.AbstractBeanFactory.getBean(AbstractBeanFactory.java:208) ~[spring-beans-5.3.15.jar:5.3.15]
	at org.springframework.beans.factory.support.DefaultListableBeanFactory.preInstantiateSingletons(DefaultListableBeanFactory.java:934) ~[spring-beans-5.3.15.jar:5.3.15]
	at org.springframework.context.support.AbstractApplicationContext.finishBeanFactoryInitialization(AbstractApplicationContext.java:918) ~[spring-context-5.3.15.jar:5.3.15]
	at org.springframework.context.support.AbstractApplicationContext.refresh(AbstractApplicationContext.java:583) ~[spring-context-5.3.15.jar:5.3.15]
	at org.springframework.boot.web.servlet.context.ServletWebServerApplicationContext.refresh(ServletWebServerApplicationContext.java:145) ~[spring-boot-2.5.9.jar:2.5.9]
	at org.springframework.boot.SpringApplication.refresh(SpringApplication.java:767) [spring-boot-2.5.9.jar:2.5.9]
	at org.springframework.boot.SpringApplication.refreshContext(SpringApplication.java:447) [spring-boot-2.5.9.jar:2.5.9]
	at org.springframework.boot.SpringApplication.run(SpringApplication.java:338) [spring-boot-2.5.9.jar:2.5.9]
	at org.springframework.boot.SpringApplication.run(SpringApplication.java:1356) [spring-boot-2.5.9.jar:2.5.9]
	at org.springframework.boot.SpringApplication.run(SpringApplication.java:1345) [spring-boot-2.5.9.jar:2.5.9]
	at com.hwan.shopping.ShoppingApplication.main(ShoppingApplication.java:12) [main/:?]
	at jdk.internal.reflect.NativeMethodAccessorImpl.invoke0(Native Method) ~[?:?]
	at jdk.internal.reflect.NativeMethodAccessorImpl.invoke(NativeMethodAccessorImpl.java:62) ~[?:?]
	at jdk.internal.reflect.DelegatingMethodAccessorImpl.invoke(DelegatingMethodAccessorImpl.java:43) ~[?:?]
	at java.lang.reflect.Method.invoke(Method.java:566) ~[?:?]
	at org.springframework.boot.devtools.restart.RestartLauncher.run(RestartLauncher.java:49) [spring-boot-devtools-2.5.9.jar:2.5.9]
Caused by: java.lang.IllegalArgumentException: Not a managed type: class com.hwan.shopping.domain.Board
	at org.hibernate.metamodel.internal.MetamodelImpl.managedType(MetamodelImpl.java:582) ~[hibernate-core-5.4.33.jar:5.4.33]
	at org.hibernate.metamodel.internal.MetamodelImpl.managedType(MetamodelImpl.java:85) ~[hibernate-core-5.4.33.jar:5.4.33]
	at org.springframework.data.jpa.repository.support.JpaMetamodelEntityInformation.<init>(JpaMetamodelEntityInformation.java:75) ~[spring-data-jpa-2.5.8.jar:2.5.8]
	at org.springframework.data.jpa.repository.support.JpaEntityInformationSupport.getEntityInformation(JpaEntityInformationSupport.java:66) ~[spring-data-jpa-2.5.8.jar:2.5.8]
	at org.springframework.data.jpa.repository.support.JpaRepositoryFactory.getEntityInformation(JpaRepositoryFactory.java:228) ~[spring-data-jpa-2.5.8.jar:2.5.8]
	at org.springframework.data.jpa.repository.support.JpaRepositoryFactory.getTargetRepository(JpaRepositoryFactory.java:178) ~[spring-data-jpa-2.5.8.jar:2.5.8]
	at org.springframework.data.jpa.repository.support.JpaRepositoryFactory.getTargetRepository(JpaRepositoryFactory.java:161) ~[spring-data-jpa-2.5.8.jar:2.5.8]
	at org.springframework.data.jpa.repository.support.JpaRepositoryFactory.getTargetRepository(JpaRepositoryFactory.java:72) ~[spring-data-jpa-2.5.8.jar:2.5.8]
	at org.springframework.data.repository.core.support.RepositoryFactorySupport.getRepository(RepositoryFactorySupport.java:319) ~[spring-data-commons-2.5.8.jar:2.5.8]
	at org.springframework.data.repository.core.support.RepositoryFactoryBeanSupport.lambda$afterPropertiesSet$5(RepositoryFactoryBeanSupport.java:323) ~[spring-data-commons-2.5.8.jar:2.5.8]
	at org.springframework.data.util.Lazy.getNullable(Lazy.java:230) ~[spring-data-commons-2.5.8.jar:2.5.8]
	at org.springframework.data.util.Lazy.get(Lazy.java:114) ~[spring-data-commons-2.5.8.jar:2.5.8]
	at org.springframework.data.repository.core.support.RepositoryFactoryBeanSupport.afterPropertiesSet(RepositoryFactoryBeanSupport.java:329) ~[spring-data-commons-2.5.8.jar:2.5.8]
	at org.springframework.data.jpa.repository.support.JpaRepositoryFactoryBean.afterPropertiesSet(JpaRepositoryFactoryBean.java:144) ~[spring-data-jpa-2.5.8.jar:2.5.8]
	at org.springframework.beans.factory.support.AbstractAutowireCapableBeanFactory.invokeInitMethods(AbstractAutowireCapableBeanFactory.java:1863) ~[spring-beans-5.3.15.jar:5.3.15]
	at org.springframework.beans.factory.support.AbstractAutowireCapableBeanFactory.initializeBean(AbstractAutowireCapableBeanFactory.java:1800) ~[spring-beans-5.3.15.jar:5.3.15]
	... 21 more
2022-02-04 17:42:12 INFO Starting ShoppingApplication using Java 11.0.10 on DESKTOP-POHND0E with PID 14560 (C:\Users\hwan\Desktop\shopping\build\classes\java\main started by hwan in C:\Users\hwan\Desktop\shopping)
2022-02-04 17:42:12 INFO No active profile set, falling back to default profiles: default
2022-02-04 17:42:12 INFO Devtools property defaults active! Set 'spring.devtools.add-properties' to 'false' to disable
2022-02-04 17:42:12 INFO For additional web related logging consider setting the 'logging.level.web' property to 'DEBUG'
2022-02-04 17:42:14 INFO Bootstrapping Spring Data JPA repositories in DEFAULT mode.
2022-02-04 17:42:14 INFO Finished Spring Data repository scanning in 14 ms. Found 0 JPA repository interfaces.
2022-02-04 17:42:17 INFO Tomcat initialized with port(s): 8080 (http)
2022-02-04 17:42:17 INFO Initializing ProtocolHandler ["http-nio-8080"]
2022-02-04 17:42:17 INFO Starting service [Tomcat]
2022-02-04 17:42:17 INFO Starting Servlet engine: [Apache Tomcat/9.0.56]
2022-02-04 17:42:17 INFO Initializing Spring embedded WebApplicationContext
2022-02-04 17:42:17 INFO Root WebApplicationContext: initialization completed in 5178 ms
2022-02-04 17:42:17 INFO HikariPool-1 - Starting...
2022-02-04 17:42:17 INFO HikariPool-1 - Start completed.
2022-02-04 17:42:17 INFO H2 console available at '/h2-console'. Database available at 'jdbc:h2:tcp://localhost/~/vue'
2022-02-04 17:42:18 INFO HHH000204: Processing PersistenceUnitInfo [name: default]
2022-02-04 17:42:18 INFO HHH000412: Hibernate ORM core version 5.4.33
2022-02-04 17:42:18 INFO HCANN000001: Hibernate Commons Annotations {5.1.2.Final}
2022-02-04 17:42:18 INFO HHH000400: Using dialect: org.hibernate.dialect.H2Dialect
2022-02-04 17:42:19 INFO HHH000490: Using JtaPlatform implementation: [org.hibernate.engine.transaction.jta.platform.internal.NoJtaPlatform]
2022-02-04 17:42:19 INFO Initialized JPA EntityManagerFactory for persistence unit 'default'
2022-02-04 17:42:19 WARN spring.jpa.open-in-view is enabled by default. Therefore, database queries may be performed during view rendering. Explicitly configure spring.jpa.open-in-view to disable this warning
2022-02-04 17:42:20 INFO Exposing 1 endpoint(s) beneath base path '/actuator'
2022-02-04 17:42:20 INFO LiveReload server is running on port 35729
2022-02-04 17:42:21 INFO 

Using generated security password: 4842d4e5-6a02-4525-88a8-6077c5744b98

2022-02-04 17:42:21 INFO Will secure any request with [org.springframework.security.web.context.request.async.WebAsyncManagerIntegrationFilter@21e5a3a1, org.springframework.security.web.context.SecurityContextPersistenceFilter@16a73f72, org.springframework.security.web.header.HeaderWriterFilter@7e3025a8, org.springframework.web.filter.CorsFilter@4933ef0c, org.springframework.security.web.csrf.CsrfFilter@48e347b5, org.springframework.security.web.authentication.logout.LogoutFilter@1be220f7, org.springframework.security.web.authentication.UsernamePasswordAuthenticationFilter@267dd389, org.springframework.security.web.authentication.ui.DefaultLoginPageGeneratingFilter@58c848a1, org.springframework.security.web.authentication.ui.DefaultLogoutPageGeneratingFilter@10c24c13, org.springframework.security.web.authentication.www.BasicAuthenticationFilter@1779da3b, org.springframework.security.web.savedrequest.RequestCacheAwareFilter@55a3a5e1, org.springframework.security.web.servletapi.SecurityContextHolderAwareRequestFilter@45b74d8, org.springframework.security.web.authentication.AnonymousAuthenticationFilter@22e6a4cd, org.springframework.security.web.session.SessionManagementFilter@2c7d5098, org.springframework.security.web.access.ExceptionTranslationFilter@d95cb40, org.springframework.security.web.access.intercept.FilterSecurityInterceptor@90bde55]
2022-02-04 17:42:21 INFO Starting ProtocolHandler ["http-nio-8080"]
2022-02-04 17:42:21 INFO Tomcat started on port(s): 8080 (http) with context path ''
2022-02-04 17:42:22 INFO Started ShoppingApplication in 10.95 seconds (JVM running for 12.795)
2022-02-04 17:42:47 INFO Initializing Spring DispatcherServlet 'dispatcherServlet'
2022-02-04 17:42:47 INFO Initializing Servlet 'dispatcherServlet'
2022-02-04 17:42:47 INFO Completed initialization in 3 ms
2022-02-04 17:42:48 WARN Creation of SecureRandom instance for session ID generation using [SHA1PRNG] took [743] milliseconds.
