2022-02-17 12:44:41 INFO Starting ShoppingApplication using Java 11.0.10 on DESKTOP-POHND0E with PID 4404 (C:\Users\hwan\Desktop\shopping\build\classes\java\main started by hwan in C:\Users\hwan\Desktop\shopping)
2022-02-17 12:44:41 INFO No active profile set, falling back to default profiles: default
2022-02-17 12:44:41 INFO Devtools property defaults active! Set 'spring.devtools.add-properties' to 'false' to disable
2022-02-17 12:44:41 INFO For additional web related logging consider setting the 'logging.level.web' property to 'DEBUG'
2022-02-17 12:44:45 INFO Bootstrapping Spring Data JPA repositories in DEFAULT mode.
2022-02-17 12:44:45 INFO Finished Spring Data repository scanning in 145 ms. Found 2 JPA repository interfaces.
2022-02-17 12:44:46 INFO Bean 'org.springframework.security.access.expression.method.DefaultMethodSecurityExpressionHandler@1085eded' of type [org.springframework.security.access.expression.method.DefaultMethodSecurityExpressionHandler] is not eligible for getting processed by all BeanPostProcessors (for example: not eligible for auto-proxying)
2022-02-17 12:44:46 INFO Bean 'methodSecurityMetadataSource' of type [org.springframework.security.access.method.DelegatingMethodSecurityMetadataSource] is not eligible for getting processed by all BeanPostProcessors (for example: not eligible for auto-proxying)
2022-02-17 12:44:48 INFO Tomcat initialized with port(s): 8080 (http)
2022-02-17 12:44:48 INFO Initializing ProtocolHandler ["http-nio-8080"]
2022-02-17 12:44:48 INFO Starting service [Tomcat]
2022-02-17 12:44:48 INFO Starting Servlet engine: [Apache Tomcat/9.0.56]
2022-02-17 12:44:48 INFO Initializing Spring embedded WebApplicationContext
2022-02-17 12:44:48 INFO Root WebApplicationContext: initialization completed in 7095 ms
2022-02-17 12:44:49 INFO HikariPool-1 - Starting...
2022-02-17 12:44:49 INFO HikariPool-1 - Start completed.
2022-02-17 12:44:49 INFO H2 console available at '/h2-console'. Database available at 'jdbc:h2:tcp://localhost/~/vue'
2022-02-17 12:44:49 INFO HHH000204: Processing PersistenceUnitInfo [name: default]
2022-02-17 12:44:49 INFO HHH000412: Hibernate ORM core version 5.4.33
2022-02-17 12:44:50 INFO HCANN000001: Hibernate Commons Annotations {5.1.2.Final}
2022-02-17 12:44:50 INFO HHH000400: Using dialect: org.hibernate.dialect.H2Dialect
2022-02-17 12:44:52 INFO HHH000490: Using JtaPlatform implementation: [org.hibernate.engine.transaction.jta.platform.internal.NoJtaPlatform]
2022-02-17 12:44:52 INFO Initialized JPA EntityManagerFactory for persistence unit 'default'
2022-02-17 12:44:52 WARN spring.jpa.open-in-view is enabled by default. Therefore, database queries may be performed during view rendering. Explicitly configure spring.jpa.open-in-view to disable this warning
2022-02-17 12:44:53 INFO Exposing 1 endpoint(s) beneath base path '/actuator'
2022-02-17 12:44:54 INFO Will secure Ant [pattern='/css/**'] with []
2022-02-17 12:44:54 INFO Will secure Ant [pattern='/js/**'] with []
2022-02-17 12:44:54 INFO Will secure Ant [pattern='/img/**'] with []
2022-02-17 12:44:54 INFO Will secure Ant [pattern='/lib/**'] with []
2022-02-17 12:44:54 INFO Will secure any request with [org.springframework.security.web.context.request.async.WebAsyncManagerIntegrationFilter@a376fd3, org.springframework.security.web.context.SecurityContextPersistenceFilter@7d713e06, org.springframework.security.web.header.HeaderWriterFilter@64080692, org.springframework.security.web.authentication.logout.LogoutFilter@75fff5b4, org.springframework.security.web.authentication.UsernamePasswordAuthenticationFilter@3a206abc, org.springframework.security.web.authentication.ui.DefaultLoginPageGeneratingFilter@2982523b, org.springframework.security.web.authentication.ui.DefaultLogoutPageGeneratingFilter@4df14386, org.springframework.security.web.savedrequest.RequestCacheAwareFilter@fa0642f, org.springframework.security.web.servletapi.SecurityContextHolderAwareRequestFilter@733fa1b8, org.springframework.security.web.authentication.AnonymousAuthenticationFilter@1d2f247f, org.springframework.security.web.session.SessionManagementFilter@29688996, org.springframework.security.web.access.ExceptionTranslationFilter@42d0ec77, org.springframework.security.web.access.intercept.FilterSecurityInterceptor@6e0bd58e]
2022-02-17 12:44:54 INFO LiveReload server is running on port 35729
2022-02-17 12:44:54 INFO Adding welcome page: class path resource [static/index.html]
2022-02-17 12:44:55 INFO Starting ProtocolHandler ["http-nio-8080"]
2022-02-17 12:44:55 INFO Tomcat started on port(s): 8080 (http) with context path ''
2022-02-17 12:44:56 INFO Started ShoppingApplication in 15.533 seconds (JVM running for 18.542)
2022-02-17 12:46:57 INFO Starting ShoppingApplication using Java 11.0.10 on DESKTOP-POHND0E with PID 20240 (C:\Users\hwan\Desktop\shopping\build\classes\java\main started by hwan in C:\Users\hwan\Desktop\shopping)
2022-02-17 12:46:57 INFO No active profile set, falling back to default profiles: default
2022-02-17 12:46:57 INFO Devtools property defaults active! Set 'spring.devtools.add-properties' to 'false' to disable
2022-02-17 12:46:57 INFO For additional web related logging consider setting the 'logging.level.web' property to 'DEBUG'
2022-02-17 12:47:01 INFO Bootstrapping Spring Data JPA repositories in DEFAULT mode.
2022-02-17 12:47:02 INFO Finished Spring Data repository scanning in 177 ms. Found 2 JPA repository interfaces.
2022-02-17 12:47:03 INFO Bean 'org.springframework.security.access.expression.method.DefaultMethodSecurityExpressionHandler@62322dd7' of type [org.springframework.security.access.expression.method.DefaultMethodSecurityExpressionHandler] is not eligible for getting processed by all BeanPostProcessors (for example: not eligible for auto-proxying)
2022-02-17 12:47:03 INFO Bean 'methodSecurityMetadataSource' of type [org.springframework.security.access.method.DelegatingMethodSecurityMetadataSource] is not eligible for getting processed by all BeanPostProcessors (for example: not eligible for auto-proxying)
2022-02-17 12:47:05 INFO Tomcat initialized with port(s): 8080 (http)
2022-02-17 12:47:05 INFO Initializing ProtocolHandler ["http-nio-8080"]
2022-02-17 12:47:05 INFO Starting service [Tomcat]
2022-02-17 12:47:05 INFO Starting Servlet engine: [Apache Tomcat/9.0.56]
2022-02-17 12:47:06 INFO Initializing Spring embedded WebApplicationContext
2022-02-17 12:47:06 INFO Root WebApplicationContext: initialization completed in 8294 ms
2022-02-17 12:47:06 INFO HikariPool-1 - Starting...
2022-02-17 12:47:06 INFO HikariPool-1 - Start completed.
2022-02-17 12:47:06 INFO H2 console available at '/h2-console'. Database available at 'jdbc:h2:tcp://localhost/~/vue'
2022-02-17 12:47:07 INFO HHH000204: Processing PersistenceUnitInfo [name: default]
2022-02-17 12:47:07 INFO HHH000412: Hibernate ORM core version 5.4.33
2022-02-17 12:47:07 INFO HCANN000001: Hibernate Commons Annotations {5.1.2.Final}
2022-02-17 12:47:08 INFO HHH000400: Using dialect: org.hibernate.dialect.H2Dialect
2022-02-17 12:47:09 INFO HHH000490: Using JtaPlatform implementation: [org.hibernate.engine.transaction.jta.platform.internal.NoJtaPlatform]
2022-02-17 12:47:09 INFO Initialized JPA EntityManagerFactory for persistence unit 'default'
2022-02-17 12:47:10 WARN spring.jpa.open-in-view is enabled by default. Therefore, database queries may be performed during view rendering. Explicitly configure spring.jpa.open-in-view to disable this warning
2022-02-17 12:47:11 INFO Exposing 1 endpoint(s) beneath base path '/actuator'
2022-02-17 12:47:12 INFO Will secure Ant [pattern='/css/**'] with []
2022-02-17 12:47:12 INFO Will secure Ant [pattern='/js/**'] with []
2022-02-17 12:47:12 INFO Will secure Ant [pattern='/img/**'] with []
2022-02-17 12:47:12 INFO Will secure Ant [pattern='/lib/**'] with []
2022-02-17 12:47:12 INFO Will secure any request with [org.springframework.security.web.context.request.async.WebAsyncManagerIntegrationFilter@645fc620, org.springframework.security.web.context.SecurityContextPersistenceFilter@7b9e1a55, org.springframework.security.web.header.HeaderWriterFilter@5cfed1d7, org.springframework.security.web.authentication.logout.LogoutFilter@7937d88c, org.springframework.security.web.authentication.UsernamePasswordAuthenticationFilter@1f9e0f88, org.springframework.security.web.authentication.ui.DefaultLoginPageGeneratingFilter@57a83485, org.springframework.security.web.authentication.ui.DefaultLogoutPageGeneratingFilter@159f91d6, org.springframework.security.web.savedrequest.RequestCacheAwareFilter@2db85a99, org.springframework.security.web.servletapi.SecurityContextHolderAwareRequestFilter@7ff7e98, org.springframework.security.web.authentication.AnonymousAuthenticationFilter@35565b69, org.springframework.security.web.session.SessionManagementFilter@1415b535, org.springframework.security.web.access.ExceptionTranslationFilter@25566307, org.springframework.security.web.access.intercept.FilterSecurityInterceptor@67fa8ab]
2022-02-17 12:47:12 INFO LiveReload server is running on port 35729
2022-02-17 12:47:12 INFO Adding welcome page: class path resource [static/index.html]
2022-02-17 12:47:13 INFO Starting ProtocolHandler ["http-nio-8080"]
2022-02-17 12:47:13 INFO Tomcat started on port(s): 8080 (http) with context path ''
2022-02-17 12:47:13 INFO Started ShoppingApplication in 17.078 seconds (JVM running for 19.038)
2022-02-17 12:49:13 INFO Initializing Spring DispatcherServlet 'dispatcherServlet'
2022-02-17 12:49:13 INFO Initializing Servlet 'dispatcherServlet'
2022-02-17 12:49:13 INFO Completed initialization in 4 ms
2022-02-17 12:49:13 ERROR Servlet.service() for servlet [dispatcherServlet] in context with path [] threw exception [Request processing failed; nested exception is java.lang.IllegalArgumentException: rawPassword cannot be null] with root cause
java.lang.IllegalArgumentException: rawPassword cannot be null
	at org.springframework.security.crypto.bcrypt.BCryptPasswordEncoder.encode(BCryptPasswordEncoder.java:107) ~[spring-security-crypto-5.5.4.jar:5.5.4]
	at com.hwan.shopping.service.AccountService.save(AccountService.java:29) ~[main/:?]
	at com.hwan.shopping.restcontroller.AccountRestController.save(AccountRestController.java:24) ~[main/:?]
	at jdk.internal.reflect.NativeMethodAccessorImpl.invoke0(Native Method) ~[?:?]
	at jdk.internal.reflect.NativeMethodAccessorImpl.invoke(NativeMethodAccessorImpl.java:62) ~[?:?]
	at jdk.internal.reflect.DelegatingMethodAccessorImpl.invoke(DelegatingMethodAccessorImpl.java:43) ~[?:?]
	at java.lang.reflect.Method.invoke(Method.java:566) ~[?:?]
	at org.springframework.web.method.support.InvocableHandlerMethod.doInvoke(InvocableHandlerMethod.java:205) ~[spring-web-5.3.15.jar:5.3.15]
	at org.springframework.web.method.support.InvocableHandlerMethod.invokeForRequest(InvocableHandlerMethod.java:150) ~[spring-web-5.3.15.jar:5.3.15]
	at org.springframework.web.servlet.mvc.method.annotation.ServletInvocableHandlerMethod.invokeAndHandle(ServletInvocableHandlerMethod.java:117) ~[spring-webmvc-5.3.15.jar:5.3.15]
	at org.springframework.web.servlet.mvc.method.annotation.RequestMappingHandlerAdapter.invokeHandlerMethod(RequestMappingHandlerAdapter.java:895) ~[spring-webmvc-5.3.15.jar:5.3.15]
	at org.springframework.web.servlet.mvc.method.annotation.RequestMappingHandlerAdapter.handleInternal(RequestMappingHandlerAdapter.java:808) ~[spring-webmvc-5.3.15.jar:5.3.15]
	at org.springframework.web.servlet.mvc.method.AbstractHandlerMethodAdapter.handle(AbstractHandlerMethodAdapter.java:87) ~[spring-webmvc-5.3.15.jar:5.3.15]
	at org.springframework.web.servlet.DispatcherServlet.doDispatch(DispatcherServlet.java:1067) ~[spring-webmvc-5.3.15.jar:5.3.15]
	at org.springframework.web.servlet.DispatcherServlet.doService(DispatcherServlet.java:963) ~[spring-webmvc-5.3.15.jar:5.3.15]
	at org.springframework.web.servlet.FrameworkServlet.processRequest(FrameworkServlet.java:1006) ~[spring-webmvc-5.3.15.jar:5.3.15]
	at org.springframework.web.servlet.FrameworkServlet.doPost(FrameworkServlet.java:909) ~[spring-webmvc-5.3.15.jar:5.3.15]
	at javax.servlet.http.HttpServlet.service(HttpServlet.java:681) ~[tomcat-embed-core-9.0.56.jar:4.0.FR]
	at org.springframework.web.servlet.FrameworkServlet.service(FrameworkServlet.java:883) ~[spring-webmvc-5.3.15.jar:5.3.15]
	at javax.servlet.http.HttpServlet.service(HttpServlet.java:764) ~[tomcat-embed-core-9.0.56.jar:4.0.FR]
	at org.apache.catalina.core.ApplicationFilterChain.internalDoFilter(ApplicationFilterChain.java:227) ~[tomcat-embed-core-9.0.56.jar:9.0.56]
	at org.apache.catalina.core.ApplicationFilterChain.doFilter(ApplicationFilterChain.java:162) ~[tomcat-embed-core-9.0.56.jar:9.0.56]
	at org.apache.tomcat.websocket.server.WsFilter.doFilter(WsFilter.java:53) ~[tomcat-embed-websocket-9.0.56.jar:9.0.56]
	at org.apache.catalina.core.ApplicationFilterChain.internalDoFilter(ApplicationFilterChain.java:189) ~[tomcat-embed-core-9.0.56.jar:9.0.56]
	at org.apache.catalina.core.ApplicationFilterChain.doFilter(ApplicationFilterChain.java:162) ~[tomcat-embed-core-9.0.56.jar:9.0.56]
	at org.springframework.security.web.FilterChainProxy$VirtualFilterChain.doFilter(FilterChainProxy.java:327) ~[spring-security-web-5.5.4.jar:5.5.4]
	at org.springframework.security.web.access.intercept.FilterSecurityInterceptor.invoke(FilterSecurityInterceptor.java:115) ~[spring-security-web-5.5.4.jar:5.5.4]
	at org.springframework.security.web.access.intercept.FilterSecurityInterceptor.doFilter(FilterSecurityInterceptor.java:81) ~[spring-security-web-5.5.4.jar:5.5.4]
	at org.springframework.security.web.FilterChainProxy$VirtualFilterChain.doFilter(FilterChainProxy.java:336) ~[spring-security-web-5.5.4.jar:5.5.4]
	at org.springframework.security.web.access.ExceptionTranslationFilter.doFilter(ExceptionTranslationFilter.java:121) ~[spring-security-web-5.5.4.jar:5.5.4]
	at org.springframework.security.web.access.ExceptionTranslationFilter.doFilter(ExceptionTranslationFilter.java:115) ~[spring-security-web-5.5.4.jar:5.5.4]
	at org.springframework.security.web.FilterChainProxy$VirtualFilterChain.doFilter(FilterChainProxy.java:336) ~[spring-security-web-5.5.4.jar:5.5.4]
	at org.springframework.security.web.session.SessionManagementFilter.doFilter(SessionManagementFilter.java:126) ~[spring-security-web-5.5.4.jar:5.5.4]
	at org.springframework.security.web.session.SessionManagementFilter.doFilter(SessionManagementFilter.java:81) ~[spring-security-web-5.5.4.jar:5.5.4]
	at org.springframework.security.web.FilterChainProxy$VirtualFilterChain.doFilter(FilterChainProxy.java:336) ~[spring-security-web-5.5.4.jar:5.5.4]
	at org.springframework.security.web.authentication.AnonymousAuthenticationFilter.doFilter(AnonymousAuthenticationFilter.java:105) ~[spring-security-web-5.5.4.jar:5.5.4]
	at org.springframework.security.web.FilterChainProxy$VirtualFilterChain.doFilter(FilterChainProxy.java:336) ~[spring-security-web-5.5.4.jar:5.5.4]
	at org.springframework.security.web.servletapi.SecurityContextHolderAwareRequestFilter.doFilter(SecurityContextHolderAwareRequestFilter.java:149) ~[spring-security-web-5.5.4.jar:5.5.4]
	at org.springframework.security.web.FilterChainProxy$VirtualFilterChain.doFilter(FilterChainProxy.java:336) ~[spring-security-web-5.5.4.jar:5.5.4]
	at org.springframework.security.web.savedrequest.RequestCacheAwareFilter.doFilter(RequestCacheAwareFilter.java:63) ~[spring-security-web-5.5.4.jar:5.5.4]
	at org.springframework.security.web.FilterChainProxy$VirtualFilterChain.doFilter(FilterChainProxy.java:336) ~[spring-security-web-5.5.4.jar:5.5.4]
	at org.springframework.security.web.authentication.ui.DefaultLogoutPageGeneratingFilter.doFilterInternal(DefaultLogoutPageGeneratingFilter.java:58) ~[spring-security-web-5.5.4.jar:5.5.4]
	at org.springframework.web.filter.OncePerRequestFilter.doFilter(OncePerRequestFilter.java:117) ~[spring-web-5.3.15.jar:5.3.15]
	at org.springframework.security.web.FilterChainProxy$VirtualFilterChain.doFilter(FilterChainProxy.java:336) ~[spring-security-web-5.5.4.jar:5.5.4]
	at org.springframework.security.web.authentication.ui.DefaultLoginPageGeneratingFilter.doFilter(DefaultLoginPageGeneratingFilter.java:237) ~[spring-security-web-5.5.4.jar:5.5.4]
	at org.springframework.security.web.authentication.ui.DefaultLoginPageGeneratingFilter.doFilter(DefaultLoginPageGeneratingFilter.java:223) ~[spring-security-web-5.5.4.jar:5.5.4]
	at org.springframework.security.web.FilterChainProxy$VirtualFilterChain.doFilter(FilterChainProxy.java:336) ~[spring-security-web-5.5.4.jar:5.5.4]
	at org.springframework.security.web.authentication.AbstractAuthenticationProcessingFilter.doFilter(AbstractAuthenticationProcessingFilter.java:218) ~[spring-security-web-5.5.4.jar:5.5.4]
	at org.springframework.security.web.authentication.AbstractAuthenticationProcessingFilter.doFilter(AbstractAuthenticationProcessingFilter.java:212) ~[spring-security-web-5.5.4.jar:5.5.4]
	at org.springframework.security.web.FilterChainProxy$VirtualFilterChain.doFilter(FilterChainProxy.java:336) ~[spring-security-web-5.5.4.jar:5.5.4]
	at org.springframework.security.web.authentication.logout.LogoutFilter.doFilter(LogoutFilter.java:103) ~[spring-security-web-5.5.4.jar:5.5.4]
	at org.springframework.security.web.authentication.logout.LogoutFilter.doFilter(LogoutFilter.java:89) ~[spring-security-web-5.5.4.jar:5.5.4]
	at org.springframework.security.web.FilterChainProxy$VirtualFilterChain.doFilter(FilterChainProxy.java:336) ~[spring-security-web-5.5.4.jar:5.5.4]
	at org.springframework.security.web.header.HeaderWriterFilter.doHeadersAfter(HeaderWriterFilter.java:90) ~[spring-security-web-5.5.4.jar:5.5.4]
	at org.springframework.security.web.header.HeaderWriterFilter.doFilterInternal(HeaderWriterFilter.java:75) ~[spring-security-web-5.5.4.jar:5.5.4]
	at org.springframework.web.filter.OncePerRequestFilter.doFilter(OncePerRequestFilter.java:117) ~[spring-web-5.3.15.jar:5.3.15]
	at org.springframework.security.web.FilterChainProxy$VirtualFilterChain.doFilter(FilterChainProxy.java:336) ~[spring-security-web-5.5.4.jar:5.5.4]
	at org.springframework.security.web.context.SecurityContextPersistenceFilter.doFilter(SecurityContextPersistenceFilter.java:110) ~[spring-security-web-5.5.4.jar:5.5.4]
	at org.springframework.security.web.context.SecurityContextPersistenceFilter.doFilter(SecurityContextPersistenceFilter.java:80) ~[spring-security-web-5.5.4.jar:5.5.4]
	at org.springframework.security.web.FilterChainProxy$VirtualFilterChain.doFilter(FilterChainProxy.java:336) ~[spring-security-web-5.5.4.jar:5.5.4]
	at org.springframework.security.web.context.request.async.WebAsyncManagerIntegrationFilter.doFilterInternal(WebAsyncManagerIntegrationFilter.java:55) ~[spring-security-web-5.5.4.jar:5.5.4]
	at org.springframework.web.filter.OncePerRequestFilter.doFilter(OncePerRequestFilter.java:117) ~[spring-web-5.3.15.jar:5.3.15]
	at org.springframework.security.web.FilterChainProxy$VirtualFilterChain.doFilter(FilterChainProxy.java:336) ~[spring-security-web-5.5.4.jar:5.5.4]
	at org.springframework.security.web.FilterChainProxy.doFilterInternal(FilterChainProxy.java:211) ~[spring-security-web-5.5.4.jar:5.5.4]
	at org.springframework.security.web.FilterChainProxy.doFilter(FilterChainProxy.java:183) ~[spring-security-web-5.5.4.jar:5.5.4]
	at org.springframework.web.filter.DelegatingFilterProxy.invokeDelegate(DelegatingFilterProxy.java:354) ~[spring-web-5.3.15.jar:5.3.15]
	at org.springframework.web.filter.DelegatingFilterProxy.doFilter(DelegatingFilterProxy.java:267) ~[spring-web-5.3.15.jar:5.3.15]
	at org.apache.catalina.core.ApplicationFilterChain.internalDoFilter(ApplicationFilterChain.java:189) ~[tomcat-embed-core-9.0.56.jar:9.0.56]
	at org.apache.catalina.core.ApplicationFilterChain.doFilter(ApplicationFilterChain.java:162) ~[tomcat-embed-core-9.0.56.jar:9.0.56]
	at org.springframework.web.filter.RequestContextFilter.doFilterInternal(RequestContextFilter.java:100) ~[spring-web-5.3.15.jar:5.3.15]
	at org.springframework.web.filter.OncePerRequestFilter.doFilter(OncePerRequestFilter.java:117) ~[spring-web-5.3.15.jar:5.3.15]
	at org.apache.catalina.core.ApplicationFilterChain.internalDoFilter(ApplicationFilterChain.java:189) ~[tomcat-embed-core-9.0.56.jar:9.0.56]
	at org.apache.catalina.core.ApplicationFilterChain.doFilter(ApplicationFilterChain.java:162) ~[tomcat-embed-core-9.0.56.jar:9.0.56]
	at org.springframework.web.filter.FormContentFilter.doFilterInternal(FormContentFilter.java:93) ~[spring-web-5.3.15.jar:5.3.15]
	at org.springframework.web.filter.OncePerRequestFilter.doFilter(OncePerRequestFilter.java:117) ~[spring-web-5.3.15.jar:5.3.15]
	at org.apache.catalina.core.ApplicationFilterChain.internalDoFilter(ApplicationFilterChain.java:189) ~[tomcat-embed-core-9.0.56.jar:9.0.56]
	at org.apache.catalina.core.ApplicationFilterChain.doFilter(ApplicationFilterChain.java:162) ~[tomcat-embed-core-9.0.56.jar:9.0.56]
	at org.springframework.boot.actuate.metrics.web.servlet.WebMvcMetricsFilter.doFilterInternal(WebMvcMetricsFilter.java:96) ~[spring-boot-actuator-2.5.9.jar:2.5.9]
	at org.springframework.web.filter.OncePerRequestFilter.doFilter(OncePerRequestFilter.java:117) ~[spring-web-5.3.15.jar:5.3.15]
	at org.apache.catalina.core.ApplicationFilterChain.internalDoFilter(ApplicationFilterChain.java:189) ~[tomcat-embed-core-9.0.56.jar:9.0.56]
	at org.apache.catalina.core.ApplicationFilterChain.doFilter(ApplicationFilterChain.java:162) ~[tomcat-embed-core-9.0.56.jar:9.0.56]
	at org.springframework.web.filter.CharacterEncodingFilter.doFilterInternal(CharacterEncodingFilter.java:201) ~[spring-web-5.3.15.jar:5.3.15]
	at org.springframework.web.filter.OncePerRequestFilter.doFilter(OncePerRequestFilter.java:117) ~[spring-web-5.3.15.jar:5.3.15]
	at org.apache.catalina.core.ApplicationFilterChain.internalDoFilter(ApplicationFilterChain.java:189) ~[tomcat-embed-core-9.0.56.jar:9.0.56]
	at org.apache.catalina.core.ApplicationFilterChain.doFilter(ApplicationFilterChain.java:162) ~[tomcat-embed-core-9.0.56.jar:9.0.56]
	at org.apache.catalina.core.StandardWrapperValve.invoke(StandardWrapperValve.java:197) [tomcat-embed-core-9.0.56.jar:9.0.56]
	at org.apache.catalina.core.StandardContextValve.invoke(StandardContextValve.java:97) [tomcat-embed-core-9.0.56.jar:9.0.56]
	at org.apache.catalina.authenticator.AuthenticatorBase.invoke(AuthenticatorBase.java:540) [tomcat-embed-core-9.0.56.jar:9.0.56]
	at org.apache.catalina.core.StandardHostValve.invoke(StandardHostValve.java:135) [tomcat-embed-core-9.0.56.jar:9.0.56]
	at org.apache.catalina.valves.ErrorReportValve.invoke(ErrorReportValve.java:92) [tomcat-embed-core-9.0.56.jar:9.0.56]
	at org.apache.catalina.core.StandardEngineValve.invoke(StandardEngineValve.java:78) [tomcat-embed-core-9.0.56.jar:9.0.56]
	at org.apache.catalina.connector.CoyoteAdapter.service(CoyoteAdapter.java:357) [tomcat-embed-core-9.0.56.jar:9.0.56]
	at org.apache.coyote.http11.Http11Processor.service(Http11Processor.java:382) [tomcat-embed-core-9.0.56.jar:9.0.56]
	at org.apache.coyote.AbstractProcessorLight.process(AbstractProcessorLight.java:65) [tomcat-embed-core-9.0.56.jar:9.0.56]
	at org.apache.coyote.AbstractProtocol$ConnectionHandler.process(AbstractProtocol.java:895) [tomcat-embed-core-9.0.56.jar:9.0.56]
	at org.apache.tomcat.util.net.NioEndpoint$SocketProcessor.doRun(NioEndpoint.java:1732) [tomcat-embed-core-9.0.56.jar:9.0.56]
	at org.apache.tomcat.util.net.SocketProcessorBase.run(SocketProcessorBase.java:49) [tomcat-embed-core-9.0.56.jar:9.0.56]
	at org.apache.tomcat.util.threads.ThreadPoolExecutor.runWorker(ThreadPoolExecutor.java:1191) [tomcat-embed-core-9.0.56.jar:9.0.56]
	at org.apache.tomcat.util.threads.ThreadPoolExecutor$Worker.run(ThreadPoolExecutor.java:659) [tomcat-embed-core-9.0.56.jar:9.0.56]
	at org.apache.tomcat.util.threads.TaskThread$WrappingRunnable.run(TaskThread.java:61) [tomcat-embed-core-9.0.56.jar:9.0.56]
	at java.lang.Thread.run(Thread.java:834) [?:?]
2022-02-17 12:51:14 INFO Starting ShoppingApplication using Java 11.0.10 on DESKTOP-POHND0E with PID 17168 (C:\Users\hwan\Desktop\shopping\build\classes\java\main started by hwan in C:\Users\hwan\Desktop\shopping)
2022-02-17 12:51:14 INFO No active profile set, falling back to default profiles: default
2022-02-17 12:51:14 INFO Devtools property defaults active! Set 'spring.devtools.add-properties' to 'false' to disable
2022-02-17 12:51:14 INFO For additional web related logging consider setting the 'logging.level.web' property to 'DEBUG'
2022-02-17 12:51:17 INFO Bootstrapping Spring Data JPA repositories in DEFAULT mode.
2022-02-17 12:51:17 INFO Finished Spring Data repository scanning in 113 ms. Found 2 JPA repository interfaces.
2022-02-17 12:51:18 INFO Bean 'org.springframework.security.access.expression.method.DefaultMethodSecurityExpressionHandler@3895a9a1' of type [org.springframework.security.access.expression.method.DefaultMethodSecurityExpressionHandler] is not eligible for getting processed by all BeanPostProcessors (for example: not eligible for auto-proxying)
2022-02-17 12:51:18 INFO Bean 'methodSecurityMetadataSource' of type [org.springframework.security.access.method.DelegatingMethodSecurityMetadataSource] is not eligible for getting processed by all BeanPostProcessors (for example: not eligible for auto-proxying)
2022-02-17 12:51:20 INFO Tomcat initialized with port(s): 8080 (http)
2022-02-17 12:51:20 INFO Initializing ProtocolHandler ["http-nio-8080"]
2022-02-17 12:51:20 INFO Starting service [Tomcat]
2022-02-17 12:51:20 INFO Starting Servlet engine: [Apache Tomcat/9.0.56]
2022-02-17 12:51:20 INFO Initializing Spring embedded WebApplicationContext
2022-02-17 12:51:20 INFO Root WebApplicationContext: initialization completed in 6034 ms
2022-02-17 12:51:20 INFO HikariPool-1 - Starting...
2022-02-17 12:51:21 INFO HikariPool-1 - Start completed.
2022-02-17 12:51:21 INFO H2 console available at '/h2-console'. Database available at 'jdbc:h2:tcp://localhost/~/vue'
2022-02-17 12:51:21 INFO HHH000204: Processing PersistenceUnitInfo [name: default]
2022-02-17 12:51:21 INFO HHH000412: Hibernate ORM core version 5.4.33
2022-02-17 12:51:21 INFO HCANN000001: Hibernate Commons Annotations {5.1.2.Final}
2022-02-17 12:51:22 INFO HHH000400: Using dialect: org.hibernate.dialect.H2Dialect
2022-02-17 12:51:23 INFO HHH000490: Using JtaPlatform implementation: [org.hibernate.engine.transaction.jta.platform.internal.NoJtaPlatform]
2022-02-17 12:51:23 INFO Initialized JPA EntityManagerFactory for persistence unit 'default'
2022-02-17 12:51:24 WARN spring.jpa.open-in-view is enabled by default. Therefore, database queries may be performed during view rendering. Explicitly configure spring.jpa.open-in-view to disable this warning
2022-02-17 12:51:25 INFO Exposing 1 endpoint(s) beneath base path '/actuator'
2022-02-17 12:51:25 INFO Will secure Ant [pattern='/css/**'] with []
2022-02-17 12:51:25 INFO Will secure Ant [pattern='/js/**'] with []
2022-02-17 12:51:25 INFO Will secure Ant [pattern='/img/**'] with []
2022-02-17 12:51:25 INFO Will secure Ant [pattern='/lib/**'] with []
2022-02-17 12:51:26 INFO Will secure any request with [org.springframework.security.web.context.request.async.WebAsyncManagerIntegrationFilter@63142577, org.springframework.security.web.context.SecurityContextPersistenceFilter@38a37225, org.springframework.security.web.header.HeaderWriterFilter@3eb54b80, org.springframework.security.web.authentication.logout.LogoutFilter@418e6c1c, org.springframework.security.web.authentication.UsernamePasswordAuthenticationFilter@62c39d0a, org.springframework.security.web.authentication.ui.DefaultLoginPageGeneratingFilter@7a2df341, org.springframework.security.web.authentication.ui.DefaultLogoutPageGeneratingFilter@79331f7c, org.springframework.security.web.savedrequest.RequestCacheAwareFilter@2b8be605, org.springframework.security.web.servletapi.SecurityContextHolderAwareRequestFilter@51df39ed, org.springframework.security.web.authentication.AnonymousAuthenticationFilter@1087407f, org.springframework.security.web.session.SessionManagementFilter@703e6b3e, org.springframework.security.web.access.ExceptionTranslationFilter@40e9e6b7, org.springframework.security.web.access.intercept.FilterSecurityInterceptor@780dac7]
2022-02-17 12:51:26 INFO LiveReload server is running on port 35729
2022-02-17 12:51:26 INFO Adding welcome page: class path resource [static/index.html]
2022-02-17 12:51:26 INFO Starting ProtocolHandler ["http-nio-8080"]
2022-02-17 12:51:26 INFO Tomcat started on port(s): 8080 (http) with context path ''
2022-02-17 12:51:27 INFO Started ShoppingApplication in 13.846 seconds (JVM running for 15.991)
2022-02-17 12:51:41 INFO Initializing Spring DispatcherServlet 'dispatcherServlet'
2022-02-17 12:51:41 INFO Initializing Servlet 'dispatcherServlet'
2022-02-17 12:51:41 INFO Completed initialization in 2 ms
2022-02-17 12:51:41 ERROR Servlet.service() for servlet [dispatcherServlet] in context with path [] threw exception [Request processing failed; nested exception is java.lang.IllegalArgumentException: rawPassword cannot be null] with root cause
java.lang.IllegalArgumentException: rawPassword cannot be null
	at org.springframework.security.crypto.bcrypt.BCryptPasswordEncoder.encode(BCryptPasswordEncoder.java:107) ~[spring-security-crypto-5.5.4.jar:5.5.4]
	at com.hwan.shopping.service.AccountService.save(AccountService.java:30) ~[main/:?]
	at com.hwan.shopping.restcontroller.AccountRestController.save(AccountRestController.java:24) ~[main/:?]
	at jdk.internal.reflect.NativeMethodAccessorImpl.invoke0(Native Method) ~[?:?]
	at jdk.internal.reflect.NativeMethodAccessorImpl.invoke(NativeMethodAccessorImpl.java:62) ~[?:?]
	at jdk.internal.reflect.DelegatingMethodAccessorImpl.invoke(DelegatingMethodAccessorImpl.java:43) ~[?:?]
	at java.lang.reflect.Method.invoke(Method.java:566) ~[?:?]
	at org.springframework.web.method.support.InvocableHandlerMethod.doInvoke(InvocableHandlerMethod.java:205) ~[spring-web-5.3.15.jar:5.3.15]
	at org.springframework.web.method.support.InvocableHandlerMethod.invokeForRequest(InvocableHandlerMethod.java:150) ~[spring-web-5.3.15.jar:5.3.15]
	at org.springframework.web.servlet.mvc.method.annotation.ServletInvocableHandlerMethod.invokeAndHandle(ServletInvocableHandlerMethod.java:117) ~[spring-webmvc-5.3.15.jar:5.3.15]
	at org.springframework.web.servlet.mvc.method.annotation.RequestMappingHandlerAdapter.invokeHandlerMethod(RequestMappingHandlerAdapter.java:895) ~[spring-webmvc-5.3.15.jar:5.3.15]
	at org.springframework.web.servlet.mvc.method.annotation.RequestMappingHandlerAdapter.handleInternal(RequestMappingHandlerAdapter.java:808) ~[spring-webmvc-5.3.15.jar:5.3.15]
	at org.springframework.web.servlet.mvc.method.AbstractHandlerMethodAdapter.handle(AbstractHandlerMethodAdapter.java:87) ~[spring-webmvc-5.3.15.jar:5.3.15]
	at org.springframework.web.servlet.DispatcherServlet.doDispatch(DispatcherServlet.java:1067) ~[spring-webmvc-5.3.15.jar:5.3.15]
	at org.springframework.web.servlet.DispatcherServlet.doService(DispatcherServlet.java:963) ~[spring-webmvc-5.3.15.jar:5.3.15]
	at org.springframework.web.servlet.FrameworkServlet.processRequest(FrameworkServlet.java:1006) ~[spring-webmvc-5.3.15.jar:5.3.15]
	at org.springframework.web.servlet.FrameworkServlet.doPost(FrameworkServlet.java:909) ~[spring-webmvc-5.3.15.jar:5.3.15]
	at javax.servlet.http.HttpServlet.service(HttpServlet.java:681) ~[tomcat-embed-core-9.0.56.jar:4.0.FR]
	at org.springframework.web.servlet.FrameworkServlet.service(FrameworkServlet.java:883) ~[spring-webmvc-5.3.15.jar:5.3.15]
	at javax.servlet.http.HttpServlet.service(HttpServlet.java:764) ~[tomcat-embed-core-9.0.56.jar:4.0.FR]
	at org.apache.catalina.core.ApplicationFilterChain.internalDoFilter(ApplicationFilterChain.java:227) ~[tomcat-embed-core-9.0.56.jar:9.0.56]
	at org.apache.catalina.core.ApplicationFilterChain.doFilter(ApplicationFilterChain.java:162) ~[tomcat-embed-core-9.0.56.jar:9.0.56]
	at org.apache.tomcat.websocket.server.WsFilter.doFilter(WsFilter.java:53) ~[tomcat-embed-websocket-9.0.56.jar:9.0.56]
	at org.apache.catalina.core.ApplicationFilterChain.internalDoFilter(ApplicationFilterChain.java:189) ~[tomcat-embed-core-9.0.56.jar:9.0.56]
	at org.apache.catalina.core.ApplicationFilterChain.doFilter(ApplicationFilterChain.java:162) ~[tomcat-embed-core-9.0.56.jar:9.0.56]
	at org.springframework.security.web.FilterChainProxy$VirtualFilterChain.doFilter(FilterChainProxy.java:327) ~[spring-security-web-5.5.4.jar:5.5.4]
	at org.springframework.security.web.access.intercept.FilterSecurityInterceptor.invoke(FilterSecurityInterceptor.java:115) ~[spring-security-web-5.5.4.jar:5.5.4]
	at org.springframework.security.web.access.intercept.FilterSecurityInterceptor.doFilter(FilterSecurityInterceptor.java:81) ~[spring-security-web-5.5.4.jar:5.5.4]
	at org.springframework.security.web.FilterChainProxy$VirtualFilterChain.doFilter(FilterChainProxy.java:336) ~[spring-security-web-5.5.4.jar:5.5.4]
	at org.springframework.security.web.access.ExceptionTranslationFilter.doFilter(ExceptionTranslationFilter.java:121) ~[spring-security-web-5.5.4.jar:5.5.4]
	at org.springframework.security.web.access.ExceptionTranslationFilter.doFilter(ExceptionTranslationFilter.java:115) ~[spring-security-web-5.5.4.jar:5.5.4]
	at org.springframework.security.web.FilterChainProxy$VirtualFilterChain.doFilter(FilterChainProxy.java:336) ~[spring-security-web-5.5.4.jar:5.5.4]
	at org.springframework.security.web.session.SessionManagementFilter.doFilter(SessionManagementFilter.java:126) ~[spring-security-web-5.5.4.jar:5.5.4]
	at org.springframework.security.web.session.SessionManagementFilter.doFilter(SessionManagementFilter.java:81) ~[spring-security-web-5.5.4.jar:5.5.4]
	at org.springframework.security.web.FilterChainProxy$VirtualFilterChain.doFilter(FilterChainProxy.java:336) ~[spring-security-web-5.5.4.jar:5.5.4]
	at org.springframework.security.web.authentication.AnonymousAuthenticationFilter.doFilter(AnonymousAuthenticationFilter.java:105) ~[spring-security-web-5.5.4.jar:5.5.4]
	at org.springframework.security.web.FilterChainProxy$VirtualFilterChain.doFilter(FilterChainProxy.java:336) ~[spring-security-web-5.5.4.jar:5.5.4]
	at org.springframework.security.web.servletapi.SecurityContextHolderAwareRequestFilter.doFilter(SecurityContextHolderAwareRequestFilter.java:149) ~[spring-security-web-5.5.4.jar:5.5.4]
	at org.springframework.security.web.FilterChainProxy$VirtualFilterChain.doFilter(FilterChainProxy.java:336) ~[spring-security-web-5.5.4.jar:5.5.4]
	at org.springframework.security.web.savedrequest.RequestCacheAwareFilter.doFilter(RequestCacheAwareFilter.java:63) ~[spring-security-web-5.5.4.jar:5.5.4]
	at org.springframework.security.web.FilterChainProxy$VirtualFilterChain.doFilter(FilterChainProxy.java:336) ~[spring-security-web-5.5.4.jar:5.5.4]
	at org.springframework.security.web.authentication.ui.DefaultLogoutPageGeneratingFilter.doFilterInternal(DefaultLogoutPageGeneratingFilter.java:58) ~[spring-security-web-5.5.4.jar:5.5.4]
	at org.springframework.web.filter.OncePerRequestFilter.doFilter(OncePerRequestFilter.java:117) ~[spring-web-5.3.15.jar:5.3.15]
	at org.springframework.security.web.FilterChainProxy$VirtualFilterChain.doFilter(FilterChainProxy.java:336) ~[spring-security-web-5.5.4.jar:5.5.4]
	at org.springframework.security.web.authentication.ui.DefaultLoginPageGeneratingFilter.doFilter(DefaultLoginPageGeneratingFilter.java:237) ~[spring-security-web-5.5.4.jar:5.5.4]
	at org.springframework.security.web.authentication.ui.DefaultLoginPageGeneratingFilter.doFilter(DefaultLoginPageGeneratingFilter.java:223) ~[spring-security-web-5.5.4.jar:5.5.4]
	at org.springframework.security.web.FilterChainProxy$VirtualFilterChain.doFilter(FilterChainProxy.java:336) ~[spring-security-web-5.5.4.jar:5.5.4]
	at org.springframework.security.web.authentication.AbstractAuthenticationProcessingFilter.doFilter(AbstractAuthenticationProcessingFilter.java:218) ~[spring-security-web-5.5.4.jar:5.5.4]
	at org.springframework.security.web.authentication.AbstractAuthenticationProcessingFilter.doFilter(AbstractAuthenticationProcessingFilter.java:212) ~[spring-security-web-5.5.4.jar:5.5.4]
	at org.springframework.security.web.FilterChainProxy$VirtualFilterChain.doFilter(FilterChainProxy.java:336) ~[spring-security-web-5.5.4.jar:5.5.4]
	at org.springframework.security.web.authentication.logout.LogoutFilter.doFilter(LogoutFilter.java:103) ~[spring-security-web-5.5.4.jar:5.5.4]
	at org.springframework.security.web.authentication.logout.LogoutFilter.doFilter(LogoutFilter.java:89) ~[spring-security-web-5.5.4.jar:5.5.4]
	at org.springframework.security.web.FilterChainProxy$VirtualFilterChain.doFilter(FilterChainProxy.java:336) ~[spring-security-web-5.5.4.jar:5.5.4]
	at org.springframework.security.web.header.HeaderWriterFilter.doHeadersAfter(HeaderWriterFilter.java:90) ~[spring-security-web-5.5.4.jar:5.5.4]
	at org.springframework.security.web.header.HeaderWriterFilter.doFilterInternal(HeaderWriterFilter.java:75) ~[spring-security-web-5.5.4.jar:5.5.4]
	at org.springframework.web.filter.OncePerRequestFilter.doFilter(OncePerRequestFilter.java:117) ~[spring-web-5.3.15.jar:5.3.15]
	at org.springframework.security.web.FilterChainProxy$VirtualFilterChain.doFilter(FilterChainProxy.java:336) ~[spring-security-web-5.5.4.jar:5.5.4]
	at org.springframework.security.web.context.SecurityContextPersistenceFilter.doFilter(SecurityContextPersistenceFilter.java:110) ~[spring-security-web-5.5.4.jar:5.5.4]
	at org.springframework.security.web.context.SecurityContextPersistenceFilter.doFilter(SecurityContextPersistenceFilter.java:80) ~[spring-security-web-5.5.4.jar:5.5.4]
	at org.springframework.security.web.FilterChainProxy$VirtualFilterChain.doFilter(FilterChainProxy.java:336) ~[spring-security-web-5.5.4.jar:5.5.4]
	at org.springframework.security.web.context.request.async.WebAsyncManagerIntegrationFilter.doFilterInternal(WebAsyncManagerIntegrationFilter.java:55) ~[spring-security-web-5.5.4.jar:5.5.4]
	at org.springframework.web.filter.OncePerRequestFilter.doFilter(OncePerRequestFilter.java:117) ~[spring-web-5.3.15.jar:5.3.15]
	at org.springframework.security.web.FilterChainProxy$VirtualFilterChain.doFilter(FilterChainProxy.java:336) ~[spring-security-web-5.5.4.jar:5.5.4]
	at org.springframework.security.web.FilterChainProxy.doFilterInternal(FilterChainProxy.java:211) ~[spring-security-web-5.5.4.jar:5.5.4]
	at org.springframework.security.web.FilterChainProxy.doFilter(FilterChainProxy.java:183) ~[spring-security-web-5.5.4.jar:5.5.4]
	at org.springframework.web.filter.DelegatingFilterProxy.invokeDelegate(DelegatingFilterProxy.java:354) ~[spring-web-5.3.15.jar:5.3.15]
	at org.springframework.web.filter.DelegatingFilterProxy.doFilter(DelegatingFilterProxy.java:267) ~[spring-web-5.3.15.jar:5.3.15]
	at org.apache.catalina.core.ApplicationFilterChain.internalDoFilter(ApplicationFilterChain.java:189) ~[tomcat-embed-core-9.0.56.jar:9.0.56]
	at org.apache.catalina.core.ApplicationFilterChain.doFilter(ApplicationFilterChain.java:162) ~[tomcat-embed-core-9.0.56.jar:9.0.56]
	at org.springframework.web.filter.RequestContextFilter.doFilterInternal(RequestContextFilter.java:100) ~[spring-web-5.3.15.jar:5.3.15]
	at org.springframework.web.filter.OncePerRequestFilter.doFilter(OncePerRequestFilter.java:117) ~[spring-web-5.3.15.jar:5.3.15]
	at org.apache.catalina.core.ApplicationFilterChain.internalDoFilter(ApplicationFilterChain.java:189) ~[tomcat-embed-core-9.0.56.jar:9.0.56]
	at org.apache.catalina.core.ApplicationFilterChain.doFilter(ApplicationFilterChain.java:162) ~[tomcat-embed-core-9.0.56.jar:9.0.56]
	at org.springframework.web.filter.FormContentFilter.doFilterInternal(FormContentFilter.java:93) ~[spring-web-5.3.15.jar:5.3.15]
	at org.springframework.web.filter.OncePerRequestFilter.doFilter(OncePerRequestFilter.java:117) ~[spring-web-5.3.15.jar:5.3.15]
	at org.apache.catalina.core.ApplicationFilterChain.internalDoFilter(ApplicationFilterChain.java:189) ~[tomcat-embed-core-9.0.56.jar:9.0.56]
	at org.apache.catalina.core.ApplicationFilterChain.doFilter(ApplicationFilterChain.java:162) ~[tomcat-embed-core-9.0.56.jar:9.0.56]
	at org.springframework.boot.actuate.metrics.web.servlet.WebMvcMetricsFilter.doFilterInternal(WebMvcMetricsFilter.java:96) ~[spring-boot-actuator-2.5.9.jar:2.5.9]
	at org.springframework.web.filter.OncePerRequestFilter.doFilter(OncePerRequestFilter.java:117) ~[spring-web-5.3.15.jar:5.3.15]
	at org.apache.catalina.core.ApplicationFilterChain.internalDoFilter(ApplicationFilterChain.java:189) ~[tomcat-embed-core-9.0.56.jar:9.0.56]
	at org.apache.catalina.core.ApplicationFilterChain.doFilter(ApplicationFilterChain.java:162) ~[tomcat-embed-core-9.0.56.jar:9.0.56]
	at org.springframework.web.filter.CharacterEncodingFilter.doFilterInternal(CharacterEncodingFilter.java:201) ~[spring-web-5.3.15.jar:5.3.15]
	at org.springframework.web.filter.OncePerRequestFilter.doFilter(OncePerRequestFilter.java:117) ~[spring-web-5.3.15.jar:5.3.15]
	at org.apache.catalina.core.ApplicationFilterChain.internalDoFilter(ApplicationFilterChain.java:189) ~[tomcat-embed-core-9.0.56.jar:9.0.56]
	at org.apache.catalina.core.ApplicationFilterChain.doFilter(ApplicationFilterChain.java:162) ~[tomcat-embed-core-9.0.56.jar:9.0.56]
	at org.apache.catalina.core.StandardWrapperValve.invoke(StandardWrapperValve.java:197) [tomcat-embed-core-9.0.56.jar:9.0.56]
	at org.apache.catalina.core.StandardContextValve.invoke(StandardContextValve.java:97) [tomcat-embed-core-9.0.56.jar:9.0.56]
	at org.apache.catalina.authenticator.AuthenticatorBase.invoke(AuthenticatorBase.java:540) [tomcat-embed-core-9.0.56.jar:9.0.56]
	at org.apache.catalina.core.StandardHostValve.invoke(StandardHostValve.java:135) [tomcat-embed-core-9.0.56.jar:9.0.56]
	at org.apache.catalina.valves.ErrorReportValve.invoke(ErrorReportValve.java:92) [tomcat-embed-core-9.0.56.jar:9.0.56]
	at org.apache.catalina.core.StandardEngineValve.invoke(StandardEngineValve.java:78) [tomcat-embed-core-9.0.56.jar:9.0.56]
	at org.apache.catalina.connector.CoyoteAdapter.service(CoyoteAdapter.java:357) [tomcat-embed-core-9.0.56.jar:9.0.56]
	at org.apache.coyote.http11.Http11Processor.service(Http11Processor.java:382) [tomcat-embed-core-9.0.56.jar:9.0.56]
	at org.apache.coyote.AbstractProcessorLight.process(AbstractProcessorLight.java:65) [tomcat-embed-core-9.0.56.jar:9.0.56]
	at org.apache.coyote.AbstractProtocol$ConnectionHandler.process(AbstractProtocol.java:895) [tomcat-embed-core-9.0.56.jar:9.0.56]
	at org.apache.tomcat.util.net.NioEndpoint$SocketProcessor.doRun(NioEndpoint.java:1732) [tomcat-embed-core-9.0.56.jar:9.0.56]
	at org.apache.tomcat.util.net.SocketProcessorBase.run(SocketProcessorBase.java:49) [tomcat-embed-core-9.0.56.jar:9.0.56]
	at org.apache.tomcat.util.threads.ThreadPoolExecutor.runWorker(ThreadPoolExecutor.java:1191) [tomcat-embed-core-9.0.56.jar:9.0.56]
	at org.apache.tomcat.util.threads.ThreadPoolExecutor$Worker.run(ThreadPoolExecutor.java:659) [tomcat-embed-core-9.0.56.jar:9.0.56]
	at org.apache.tomcat.util.threads.TaskThread$WrappingRunnable.run(TaskThread.java:61) [tomcat-embed-core-9.0.56.jar:9.0.56]
	at java.lang.Thread.run(Thread.java:834) [?:?]
2022-02-17 13:21:20 ERROR Servlet.service() for servlet [dispatcherServlet] in context with path [] threw exception [Request processing failed; nested exception is java.lang.IllegalArgumentException: rawPassword cannot be null] with root cause
java.lang.IllegalArgumentException: rawPassword cannot be null
	at org.springframework.security.crypto.bcrypt.BCryptPasswordEncoder.encode(BCryptPasswordEncoder.java:107) ~[spring-security-crypto-5.5.4.jar:5.5.4]
	at com.hwan.shopping.service.AccountService.save(AccountService.java:30) ~[main/:?]
	at com.hwan.shopping.restcontroller.AccountRestController.save(AccountRestController.java:24) ~[main/:?]
	at jdk.internal.reflect.NativeMethodAccessorImpl.invoke0(Native Method) ~[?:?]
	at jdk.internal.reflect.NativeMethodAccessorImpl.invoke(NativeMethodAccessorImpl.java:62) ~[?:?]
	at jdk.internal.reflect.DelegatingMethodAccessorImpl.invoke(DelegatingMethodAccessorImpl.java:43) ~[?:?]
	at java.lang.reflect.Method.invoke(Method.java:566) ~[?:?]
	at org.springframework.web.method.support.InvocableHandlerMethod.doInvoke(InvocableHandlerMethod.java:205) ~[spring-web-5.3.15.jar:5.3.15]
	at org.springframework.web.method.support.InvocableHandlerMethod.invokeForRequest(InvocableHandlerMethod.java:150) ~[spring-web-5.3.15.jar:5.3.15]
	at org.springframework.web.servlet.mvc.method.annotation.ServletInvocableHandlerMethod.invokeAndHandle(ServletInvocableHandlerMethod.java:117) ~[spring-webmvc-5.3.15.jar:5.3.15]
	at org.springframework.web.servlet.mvc.method.annotation.RequestMappingHandlerAdapter.invokeHandlerMethod(RequestMappingHandlerAdapter.java:895) ~[spring-webmvc-5.3.15.jar:5.3.15]
	at org.springframework.web.servlet.mvc.method.annotation.RequestMappingHandlerAdapter.handleInternal(RequestMappingHandlerAdapter.java:808) ~[spring-webmvc-5.3.15.jar:5.3.15]
	at org.springframework.web.servlet.mvc.method.AbstractHandlerMethodAdapter.handle(AbstractHandlerMethodAdapter.java:87) ~[spring-webmvc-5.3.15.jar:5.3.15]
	at org.springframework.web.servlet.DispatcherServlet.doDispatch(DispatcherServlet.java:1067) ~[spring-webmvc-5.3.15.jar:5.3.15]
	at org.springframework.web.servlet.DispatcherServlet.doService(DispatcherServlet.java:963) ~[spring-webmvc-5.3.15.jar:5.3.15]
	at org.springframework.web.servlet.FrameworkServlet.processRequest(FrameworkServlet.java:1006) ~[spring-webmvc-5.3.15.jar:5.3.15]
	at org.springframework.web.servlet.FrameworkServlet.doPost(FrameworkServlet.java:909) ~[spring-webmvc-5.3.15.jar:5.3.15]
	at javax.servlet.http.HttpServlet.service(HttpServlet.java:681) ~[tomcat-embed-core-9.0.56.jar:4.0.FR]
	at org.springframework.web.servlet.FrameworkServlet.service(FrameworkServlet.java:883) ~[spring-webmvc-5.3.15.jar:5.3.15]
	at javax.servlet.http.HttpServlet.service(HttpServlet.java:764) ~[tomcat-embed-core-9.0.56.jar:4.0.FR]
	at org.apache.catalina.core.ApplicationFilterChain.internalDoFilter(ApplicationFilterChain.java:227) ~[tomcat-embed-core-9.0.56.jar:9.0.56]
	at org.apache.catalina.core.ApplicationFilterChain.doFilter(ApplicationFilterChain.java:162) ~[tomcat-embed-core-9.0.56.jar:9.0.56]
	at org.apache.tomcat.websocket.server.WsFilter.doFilter(WsFilter.java:53) ~[tomcat-embed-websocket-9.0.56.jar:9.0.56]
	at org.apache.catalina.core.ApplicationFilterChain.internalDoFilter(ApplicationFilterChain.java:189) ~[tomcat-embed-core-9.0.56.jar:9.0.56]
	at org.apache.catalina.core.ApplicationFilterChain.doFilter(ApplicationFilterChain.java:162) ~[tomcat-embed-core-9.0.56.jar:9.0.56]
	at org.springframework.security.web.FilterChainProxy$VirtualFilterChain.doFilter(FilterChainProxy.java:327) ~[spring-security-web-5.5.4.jar:5.5.4]
	at org.springframework.security.web.access.intercept.FilterSecurityInterceptor.invoke(FilterSecurityInterceptor.java:115) ~[spring-security-web-5.5.4.jar:5.5.4]
	at org.springframework.security.web.access.intercept.FilterSecurityInterceptor.doFilter(FilterSecurityInterceptor.java:81) ~[spring-security-web-5.5.4.jar:5.5.4]
	at org.springframework.security.web.FilterChainProxy$VirtualFilterChain.doFilter(FilterChainProxy.java:336) ~[spring-security-web-5.5.4.jar:5.5.4]
	at org.springframework.security.web.access.ExceptionTranslationFilter.doFilter(ExceptionTranslationFilter.java:121) ~[spring-security-web-5.5.4.jar:5.5.4]
	at org.springframework.security.web.access.ExceptionTranslationFilter.doFilter(ExceptionTranslationFilter.java:115) ~[spring-security-web-5.5.4.jar:5.5.4]
	at org.springframework.security.web.FilterChainProxy$VirtualFilterChain.doFilter(FilterChainProxy.java:336) ~[spring-security-web-5.5.4.jar:5.5.4]
	at org.springframework.security.web.session.SessionManagementFilter.doFilter(SessionManagementFilter.java:126) ~[spring-security-web-5.5.4.jar:5.5.4]
	at org.springframework.security.web.session.SessionManagementFilter.doFilter(SessionManagementFilter.java:81) ~[spring-security-web-5.5.4.jar:5.5.4]
	at org.springframework.security.web.FilterChainProxy$VirtualFilterChain.doFilter(FilterChainProxy.java:336) ~[spring-security-web-5.5.4.jar:5.5.4]
	at org.springframework.security.web.authentication.AnonymousAuthenticationFilter.doFilter(AnonymousAuthenticationFilter.java:105) ~[spring-security-web-5.5.4.jar:5.5.4]
	at org.springframework.security.web.FilterChainProxy$VirtualFilterChain.doFilter(FilterChainProxy.java:336) ~[spring-security-web-5.5.4.jar:5.5.4]
	at org.springframework.security.web.servletapi.SecurityContextHolderAwareRequestFilter.doFilter(SecurityContextHolderAwareRequestFilter.java:149) ~[spring-security-web-5.5.4.jar:5.5.4]
	at org.springframework.security.web.FilterChainProxy$VirtualFilterChain.doFilter(FilterChainProxy.java:336) ~[spring-security-web-5.5.4.jar:5.5.4]
	at org.springframework.security.web.savedrequest.RequestCacheAwareFilter.doFilter(RequestCacheAwareFilter.java:63) ~[spring-security-web-5.5.4.jar:5.5.4]
	at org.springframework.security.web.FilterChainProxy$VirtualFilterChain.doFilter(FilterChainProxy.java:336) ~[spring-security-web-5.5.4.jar:5.5.4]
	at org.springframework.security.web.authentication.ui.DefaultLogoutPageGeneratingFilter.doFilterInternal(DefaultLogoutPageGeneratingFilter.java:58) ~[spring-security-web-5.5.4.jar:5.5.4]
	at org.springframework.web.filter.OncePerRequestFilter.doFilter(OncePerRequestFilter.java:117) ~[spring-web-5.3.15.jar:5.3.15]
	at org.springframework.security.web.FilterChainProxy$VirtualFilterChain.doFilter(FilterChainProxy.java:336) ~[spring-security-web-5.5.4.jar:5.5.4]
	at org.springframework.security.web.authentication.ui.DefaultLoginPageGeneratingFilter.doFilter(DefaultLoginPageGeneratingFilter.java:237) ~[spring-security-web-5.5.4.jar:5.5.4]
	at org.springframework.security.web.authentication.ui.DefaultLoginPageGeneratingFilter.doFilter(DefaultLoginPageGeneratingFilter.java:223) ~[spring-security-web-5.5.4.jar:5.5.4]
	at org.springframework.security.web.FilterChainProxy$VirtualFilterChain.doFilter(FilterChainProxy.java:336) ~[spring-security-web-5.5.4.jar:5.5.4]
	at org.springframework.security.web.authentication.AbstractAuthenticationProcessingFilter.doFilter(AbstractAuthenticationProcessingFilter.java:218) ~[spring-security-web-5.5.4.jar:5.5.4]
	at org.springframework.security.web.authentication.AbstractAuthenticationProcessingFilter.doFilter(AbstractAuthenticationProcessingFilter.java:212) ~[spring-security-web-5.5.4.jar:5.5.4]
	at org.springframework.security.web.FilterChainProxy$VirtualFilterChain.doFilter(FilterChainProxy.java:336) ~[spring-security-web-5.5.4.jar:5.5.4]
	at org.springframework.security.web.authentication.logout.LogoutFilter.doFilter(LogoutFilter.java:103) ~[spring-security-web-5.5.4.jar:5.5.4]
	at org.springframework.security.web.authentication.logout.LogoutFilter.doFilter(LogoutFilter.java:89) ~[spring-security-web-5.5.4.jar:5.5.4]
	at org.springframework.security.web.FilterChainProxy$VirtualFilterChain.doFilter(FilterChainProxy.java:336) ~[spring-security-web-5.5.4.jar:5.5.4]
	at org.springframework.security.web.header.HeaderWriterFilter.doHeadersAfter(HeaderWriterFilter.java:90) ~[spring-security-web-5.5.4.jar:5.5.4]
	at org.springframework.security.web.header.HeaderWriterFilter.doFilterInternal(HeaderWriterFilter.java:75) ~[spring-security-web-5.5.4.jar:5.5.4]
	at org.springframework.web.filter.OncePerRequestFilter.doFilter(OncePerRequestFilter.java:117) ~[spring-web-5.3.15.jar:5.3.15]
	at org.springframework.security.web.FilterChainProxy$VirtualFilterChain.doFilter(FilterChainProxy.java:336) ~[spring-security-web-5.5.4.jar:5.5.4]
	at org.springframework.security.web.context.SecurityContextPersistenceFilter.doFilter(SecurityContextPersistenceFilter.java:110) ~[spring-security-web-5.5.4.jar:5.5.4]
	at org.springframework.security.web.context.SecurityContextPersistenceFilter.doFilter(SecurityContextPersistenceFilter.java:80) ~[spring-security-web-5.5.4.jar:5.5.4]
	at org.springframework.security.web.FilterChainProxy$VirtualFilterChain.doFilter(FilterChainProxy.java:336) ~[spring-security-web-5.5.4.jar:5.5.4]
	at org.springframework.security.web.context.request.async.WebAsyncManagerIntegrationFilter.doFilterInternal(WebAsyncManagerIntegrationFilter.java:55) ~[spring-security-web-5.5.4.jar:5.5.4]
	at org.springframework.web.filter.OncePerRequestFilter.doFilter(OncePerRequestFilter.java:117) ~[spring-web-5.3.15.jar:5.3.15]
	at org.springframework.security.web.FilterChainProxy$VirtualFilterChain.doFilter(FilterChainProxy.java:336) ~[spring-security-web-5.5.4.jar:5.5.4]
	at org.springframework.security.web.FilterChainProxy.doFilterInternal(FilterChainProxy.java:211) ~[spring-security-web-5.5.4.jar:5.5.4]
	at org.springframework.security.web.FilterChainProxy.doFilter(FilterChainProxy.java:183) ~[spring-security-web-5.5.4.jar:5.5.4]
	at org.springframework.web.filter.DelegatingFilterProxy.invokeDelegate(DelegatingFilterProxy.java:354) ~[spring-web-5.3.15.jar:5.3.15]
	at org.springframework.web.filter.DelegatingFilterProxy.doFilter(DelegatingFilterProxy.java:267) ~[spring-web-5.3.15.jar:5.3.15]
	at org.apache.catalina.core.ApplicationFilterChain.internalDoFilter(ApplicationFilterChain.java:189) ~[tomcat-embed-core-9.0.56.jar:9.0.56]
	at org.apache.catalina.core.ApplicationFilterChain.doFilter(ApplicationFilterChain.java:162) ~[tomcat-embed-core-9.0.56.jar:9.0.56]
	at org.springframework.web.filter.RequestContextFilter.doFilterInternal(RequestContextFilter.java:100) ~[spring-web-5.3.15.jar:5.3.15]
	at org.springframework.web.filter.OncePerRequestFilter.doFilter(OncePerRequestFilter.java:117) ~[spring-web-5.3.15.jar:5.3.15]
	at org.apache.catalina.core.ApplicationFilterChain.internalDoFilter(ApplicationFilterChain.java:189) ~[tomcat-embed-core-9.0.56.jar:9.0.56]
	at org.apache.catalina.core.ApplicationFilterChain.doFilter(ApplicationFilterChain.java:162) ~[tomcat-embed-core-9.0.56.jar:9.0.56]
	at org.springframework.web.filter.FormContentFilter.doFilterInternal(FormContentFilter.java:93) ~[spring-web-5.3.15.jar:5.3.15]
	at org.springframework.web.filter.OncePerRequestFilter.doFilter(OncePerRequestFilter.java:117) ~[spring-web-5.3.15.jar:5.3.15]
	at org.apache.catalina.core.ApplicationFilterChain.internalDoFilter(ApplicationFilterChain.java:189) ~[tomcat-embed-core-9.0.56.jar:9.0.56]
	at org.apache.catalina.core.ApplicationFilterChain.doFilter(ApplicationFilterChain.java:162) ~[tomcat-embed-core-9.0.56.jar:9.0.56]
	at org.springframework.boot.actuate.metrics.web.servlet.WebMvcMetricsFilter.doFilterInternal(WebMvcMetricsFilter.java:96) ~[spring-boot-actuator-2.5.9.jar:2.5.9]
	at org.springframework.web.filter.OncePerRequestFilter.doFilter(OncePerRequestFilter.java:117) ~[spring-web-5.3.15.jar:5.3.15]
	at org.apache.catalina.core.ApplicationFilterChain.internalDoFilter(ApplicationFilterChain.java:189) ~[tomcat-embed-core-9.0.56.jar:9.0.56]
	at org.apache.catalina.core.ApplicationFilterChain.doFilter(ApplicationFilterChain.java:162) ~[tomcat-embed-core-9.0.56.jar:9.0.56]
	at org.springframework.web.filter.CharacterEncodingFilter.doFilterInternal(CharacterEncodingFilter.java:201) ~[spring-web-5.3.15.jar:5.3.15]
	at org.springframework.web.filter.OncePerRequestFilter.doFilter(OncePerRequestFilter.java:117) ~[spring-web-5.3.15.jar:5.3.15]
	at org.apache.catalina.core.ApplicationFilterChain.internalDoFilter(ApplicationFilterChain.java:189) ~[tomcat-embed-core-9.0.56.jar:9.0.56]
	at org.apache.catalina.core.ApplicationFilterChain.doFilter(ApplicationFilterChain.java:162) ~[tomcat-embed-core-9.0.56.jar:9.0.56]
	at org.apache.catalina.core.StandardWrapperValve.invoke(StandardWrapperValve.java:197) [tomcat-embed-core-9.0.56.jar:9.0.56]
	at org.apache.catalina.core.StandardContextValve.invoke(StandardContextValve.java:97) [tomcat-embed-core-9.0.56.jar:9.0.56]
	at org.apache.catalina.authenticator.AuthenticatorBase.invoke(AuthenticatorBase.java:540) [tomcat-embed-core-9.0.56.jar:9.0.56]
	at org.apache.catalina.core.StandardHostValve.invoke(StandardHostValve.java:135) [tomcat-embed-core-9.0.56.jar:9.0.56]
	at org.apache.catalina.valves.ErrorReportValve.invoke(ErrorReportValve.java:92) [tomcat-embed-core-9.0.56.jar:9.0.56]
	at org.apache.catalina.core.StandardEngineValve.invoke(StandardEngineValve.java:78) [tomcat-embed-core-9.0.56.jar:9.0.56]
	at org.apache.catalina.connector.CoyoteAdapter.service(CoyoteAdapter.java:357) [tomcat-embed-core-9.0.56.jar:9.0.56]
	at org.apache.coyote.http11.Http11Processor.service(Http11Processor.java:382) [tomcat-embed-core-9.0.56.jar:9.0.56]
	at org.apache.coyote.AbstractProcessorLight.process(AbstractProcessorLight.java:65) [tomcat-embed-core-9.0.56.jar:9.0.56]
	at org.apache.coyote.AbstractProtocol$ConnectionHandler.process(AbstractProtocol.java:895) [tomcat-embed-core-9.0.56.jar:9.0.56]
	at org.apache.tomcat.util.net.NioEndpoint$SocketProcessor.doRun(NioEndpoint.java:1732) [tomcat-embed-core-9.0.56.jar:9.0.56]
	at org.apache.tomcat.util.net.SocketProcessorBase.run(SocketProcessorBase.java:49) [tomcat-embed-core-9.0.56.jar:9.0.56]
	at org.apache.tomcat.util.threads.ThreadPoolExecutor.runWorker(ThreadPoolExecutor.java:1191) [tomcat-embed-core-9.0.56.jar:9.0.56]
	at org.apache.tomcat.util.threads.ThreadPoolExecutor$Worker.run(ThreadPoolExecutor.java:659) [tomcat-embed-core-9.0.56.jar:9.0.56]
	at org.apache.tomcat.util.threads.TaskThread$WrappingRunnable.run(TaskThread.java:61) [tomcat-embed-core-9.0.56.jar:9.0.56]
	at java.lang.Thread.run(Thread.java:834) [?:?]
2022-02-17 13:21:53 INFO Starting ShoppingApplication using Java 11.0.10 on DESKTOP-POHND0E with PID 2856 (C:\Users\hwan\Desktop\shopping\build\classes\java\main started by hwan in C:\Users\hwan\Desktop\shopping)
2022-02-17 13:21:53 INFO No active profile set, falling back to default profiles: default
2022-02-17 13:21:53 INFO Devtools property defaults active! Set 'spring.devtools.add-properties' to 'false' to disable
2022-02-17 13:21:53 INFO For additional web related logging consider setting the 'logging.level.web' property to 'DEBUG'
2022-02-17 13:21:56 INFO Bootstrapping Spring Data JPA repositories in DEFAULT mode.
2022-02-17 13:21:56 INFO Finished Spring Data repository scanning in 133 ms. Found 2 JPA repository interfaces.
2022-02-17 13:21:57 INFO Bean 'org.springframework.security.access.expression.method.DefaultMethodSecurityExpressionHandler@5392c52e' of type [org.springframework.security.access.expression.method.DefaultMethodSecurityExpressionHandler] is not eligible for getting processed by all BeanPostProcessors (for example: not eligible for auto-proxying)
2022-02-17 13:21:57 INFO Bean 'methodSecurityMetadataSource' of type [org.springframework.security.access.method.DelegatingMethodSecurityMetadataSource] is not eligible for getting processed by all BeanPostProcessors (for example: not eligible for auto-proxying)
2022-02-17 13:21:58 INFO Tomcat initialized with port(s): 8080 (http)
2022-02-17 13:21:58 INFO Initializing ProtocolHandler ["http-nio-8080"]
2022-02-17 13:21:58 INFO Starting service [Tomcat]
2022-02-17 13:21:58 INFO Starting Servlet engine: [Apache Tomcat/9.0.56]
2022-02-17 13:21:59 INFO Initializing Spring embedded WebApplicationContext
2022-02-17 13:21:59 INFO Root WebApplicationContext: initialization completed in 5806 ms
2022-02-17 13:21:59 INFO HikariPool-1 - Starting...
2022-02-17 13:21:59 INFO HikariPool-1 - Start completed.
2022-02-17 13:21:59 INFO H2 console available at '/h2-console'. Database available at 'jdbc:h2:tcp://localhost/~/vue'
2022-02-17 13:22:00 INFO HHH000204: Processing PersistenceUnitInfo [name: default]
2022-02-17 13:22:00 INFO HHH000412: Hibernate ORM core version 5.4.33
2022-02-17 13:22:00 INFO HCANN000001: Hibernate Commons Annotations {5.1.2.Final}
2022-02-17 13:22:01 INFO HHH000400: Using dialect: org.hibernate.dialect.H2Dialect
2022-02-17 13:22:02 INFO HHH000490: Using JtaPlatform implementation: [org.hibernate.engine.transaction.jta.platform.internal.NoJtaPlatform]
2022-02-17 13:22:02 INFO Initialized JPA EntityManagerFactory for persistence unit 'default'
2022-02-17 13:22:03 WARN spring.jpa.open-in-view is enabled by default. Therefore, database queries may be performed during view rendering. Explicitly configure spring.jpa.open-in-view to disable this warning
2022-02-17 13:22:04 INFO Exposing 1 endpoint(s) beneath base path '/actuator'
2022-02-17 13:22:04 INFO Will secure Ant [pattern='/css/**'] with []
2022-02-17 13:22:04 INFO Will secure Ant [pattern='/js/**'] with []
2022-02-17 13:22:04 INFO Will secure Ant [pattern='/img/**'] with []
2022-02-17 13:22:04 INFO Will secure Ant [pattern='/lib/**'] with []
2022-02-17 13:22:04 INFO Will secure any request with [org.springframework.security.web.context.request.async.WebAsyncManagerIntegrationFilter@3ccb9848, org.springframework.security.web.context.SecurityContextPersistenceFilter@58b717ea, org.springframework.security.web.header.HeaderWriterFilter@6052dcd3, org.springframework.security.web.authentication.logout.LogoutFilter@1630c3c0, org.springframework.security.web.authentication.UsernamePasswordAuthenticationFilter@54facf7f, org.springframework.security.web.authentication.ui.DefaultLoginPageGeneratingFilter@f70547a, org.springframework.security.web.authentication.ui.DefaultLogoutPageGeneratingFilter@6a547ad2, org.springframework.security.web.savedrequest.RequestCacheAwareFilter@77dd9733, org.springframework.security.web.servletapi.SecurityContextHolderAwareRequestFilter@41760e21, org.springframework.security.web.authentication.AnonymousAuthenticationFilter@56de64c4, org.springframework.security.web.session.SessionManagementFilter@5a01215c, org.springframework.security.web.access.ExceptionTranslationFilter@14521077, org.springframework.security.web.access.intercept.FilterSecurityInterceptor@2b78743c]
2022-02-17 13:22:04 INFO LiveReload server is running on port 35729
2022-02-17 13:22:05 INFO Adding welcome page: class path resource [static/index.html]
2022-02-17 13:22:05 INFO Starting ProtocolHandler ["http-nio-8080"]
2022-02-17 13:22:05 INFO Tomcat started on port(s): 8080 (http) with context path ''
2022-02-17 13:22:06 INFO Started ShoppingApplication in 13.922 seconds (JVM running for 16.175)
2022-02-17 13:22:22 INFO Initializing Spring DispatcherServlet 'dispatcherServlet'
2022-02-17 13:22:22 INFO Initializing Servlet 'dispatcherServlet'
2022-02-17 13:22:22 INFO Completed initialization in 2 ms
2022-02-17 13:22:22 ERROR Servlet.service() for servlet [dispatcherServlet] in context with path [] threw exception [Request processing failed; nested exception is java.lang.IllegalArgumentException: rawPassword cannot be null] with root cause
java.lang.IllegalArgumentException: rawPassword cannot be null
	at org.springframework.security.crypto.bcrypt.BCryptPasswordEncoder.encode(BCryptPasswordEncoder.java:107) ~[spring-security-crypto-5.5.4.jar:5.5.4]
	at com.hwan.shopping.service.AccountService.save(AccountService.java:30) ~[main/:?]
	at com.hwan.shopping.restcontroller.AccountRestController.save(AccountRestController.java:24) ~[main/:?]
	at jdk.internal.reflect.NativeMethodAccessorImpl.invoke0(Native Method) ~[?:?]
	at jdk.internal.reflect.NativeMethodAccessorImpl.invoke(NativeMethodAccessorImpl.java:62) ~[?:?]
	at jdk.internal.reflect.DelegatingMethodAccessorImpl.invoke(DelegatingMethodAccessorImpl.java:43) ~[?:?]
	at java.lang.reflect.Method.invoke(Method.java:566) ~[?:?]
	at org.springframework.web.method.support.InvocableHandlerMethod.doInvoke(InvocableHandlerMethod.java:205) ~[spring-web-5.3.15.jar:5.3.15]
	at org.springframework.web.method.support.InvocableHandlerMethod.invokeForRequest(InvocableHandlerMethod.java:150) ~[spring-web-5.3.15.jar:5.3.15]
	at org.springframework.web.servlet.mvc.method.annotation.ServletInvocableHandlerMethod.invokeAndHandle(ServletInvocableHandlerMethod.java:117) ~[spring-webmvc-5.3.15.jar:5.3.15]
	at org.springframework.web.servlet.mvc.method.annotation.RequestMappingHandlerAdapter.invokeHandlerMethod(RequestMappingHandlerAdapter.java:895) ~[spring-webmvc-5.3.15.jar:5.3.15]
	at org.springframework.web.servlet.mvc.method.annotation.RequestMappingHandlerAdapter.handleInternal(RequestMappingHandlerAdapter.java:808) ~[spring-webmvc-5.3.15.jar:5.3.15]
	at org.springframework.web.servlet.mvc.method.AbstractHandlerMethodAdapter.handle(AbstractHandlerMethodAdapter.java:87) ~[spring-webmvc-5.3.15.jar:5.3.15]
	at org.springframework.web.servlet.DispatcherServlet.doDispatch(DispatcherServlet.java:1067) ~[spring-webmvc-5.3.15.jar:5.3.15]
	at org.springframework.web.servlet.DispatcherServlet.doService(DispatcherServlet.java:963) ~[spring-webmvc-5.3.15.jar:5.3.15]
	at org.springframework.web.servlet.FrameworkServlet.processRequest(FrameworkServlet.java:1006) ~[spring-webmvc-5.3.15.jar:5.3.15]
	at org.springframework.web.servlet.FrameworkServlet.doPost(FrameworkServlet.java:909) ~[spring-webmvc-5.3.15.jar:5.3.15]
	at javax.servlet.http.HttpServlet.service(HttpServlet.java:681) ~[tomcat-embed-core-9.0.56.jar:4.0.FR]
	at org.springframework.web.servlet.FrameworkServlet.service(FrameworkServlet.java:883) ~[spring-webmvc-5.3.15.jar:5.3.15]
	at javax.servlet.http.HttpServlet.service(HttpServlet.java:764) ~[tomcat-embed-core-9.0.56.jar:4.0.FR]
	at org.apache.catalina.core.ApplicationFilterChain.internalDoFilter(ApplicationFilterChain.java:227) ~[tomcat-embed-core-9.0.56.jar:9.0.56]
	at org.apache.catalina.core.ApplicationFilterChain.doFilter(ApplicationFilterChain.java:162) ~[tomcat-embed-core-9.0.56.jar:9.0.56]
	at org.apache.tomcat.websocket.server.WsFilter.doFilter(WsFilter.java:53) ~[tomcat-embed-websocket-9.0.56.jar:9.0.56]
	at org.apache.catalina.core.ApplicationFilterChain.internalDoFilter(ApplicationFilterChain.java:189) ~[tomcat-embed-core-9.0.56.jar:9.0.56]
	at org.apache.catalina.core.ApplicationFilterChain.doFilter(ApplicationFilterChain.java:162) ~[tomcat-embed-core-9.0.56.jar:9.0.56]
	at org.springframework.security.web.FilterChainProxy$VirtualFilterChain.doFilter(FilterChainProxy.java:327) ~[spring-security-web-5.5.4.jar:5.5.4]
	at org.springframework.security.web.access.intercept.FilterSecurityInterceptor.invoke(FilterSecurityInterceptor.java:115) ~[spring-security-web-5.5.4.jar:5.5.4]
	at org.springframework.security.web.access.intercept.FilterSecurityInterceptor.doFilter(FilterSecurityInterceptor.java:81) ~[spring-security-web-5.5.4.jar:5.5.4]
	at org.springframework.security.web.FilterChainProxy$VirtualFilterChain.doFilter(FilterChainProxy.java:336) ~[spring-security-web-5.5.4.jar:5.5.4]
	at org.springframework.security.web.access.ExceptionTranslationFilter.doFilter(ExceptionTranslationFilter.java:121) ~[spring-security-web-5.5.4.jar:5.5.4]
	at org.springframework.security.web.access.ExceptionTranslationFilter.doFilter(ExceptionTranslationFilter.java:115) ~[spring-security-web-5.5.4.jar:5.5.4]
	at org.springframework.security.web.FilterChainProxy$VirtualFilterChain.doFilter(FilterChainProxy.java:336) ~[spring-security-web-5.5.4.jar:5.5.4]
	at org.springframework.security.web.session.SessionManagementFilter.doFilter(SessionManagementFilter.java:126) ~[spring-security-web-5.5.4.jar:5.5.4]
	at org.springframework.security.web.session.SessionManagementFilter.doFilter(SessionManagementFilter.java:81) ~[spring-security-web-5.5.4.jar:5.5.4]
	at org.springframework.security.web.FilterChainProxy$VirtualFilterChain.doFilter(FilterChainProxy.java:336) ~[spring-security-web-5.5.4.jar:5.5.4]
	at org.springframework.security.web.authentication.AnonymousAuthenticationFilter.doFilter(AnonymousAuthenticationFilter.java:105) ~[spring-security-web-5.5.4.jar:5.5.4]
	at org.springframework.security.web.FilterChainProxy$VirtualFilterChain.doFilter(FilterChainProxy.java:336) ~[spring-security-web-5.5.4.jar:5.5.4]
	at org.springframework.security.web.servletapi.SecurityContextHolderAwareRequestFilter.doFilter(SecurityContextHolderAwareRequestFilter.java:149) ~[spring-security-web-5.5.4.jar:5.5.4]
	at org.springframework.security.web.FilterChainProxy$VirtualFilterChain.doFilter(FilterChainProxy.java:336) ~[spring-security-web-5.5.4.jar:5.5.4]
	at org.springframework.security.web.savedrequest.RequestCacheAwareFilter.doFilter(RequestCacheAwareFilter.java:63) ~[spring-security-web-5.5.4.jar:5.5.4]
	at org.springframework.security.web.FilterChainProxy$VirtualFilterChain.doFilter(FilterChainProxy.java:336) ~[spring-security-web-5.5.4.jar:5.5.4]
	at org.springframework.security.web.authentication.ui.DefaultLogoutPageGeneratingFilter.doFilterInternal(DefaultLogoutPageGeneratingFilter.java:58) ~[spring-security-web-5.5.4.jar:5.5.4]
	at org.springframework.web.filter.OncePerRequestFilter.doFilter(OncePerRequestFilter.java:117) ~[spring-web-5.3.15.jar:5.3.15]
	at org.springframework.security.web.FilterChainProxy$VirtualFilterChain.doFilter(FilterChainProxy.java:336) ~[spring-security-web-5.5.4.jar:5.5.4]
	at org.springframework.security.web.authentication.ui.DefaultLoginPageGeneratingFilter.doFilter(DefaultLoginPageGeneratingFilter.java:237) ~[spring-security-web-5.5.4.jar:5.5.4]
	at org.springframework.security.web.authentication.ui.DefaultLoginPageGeneratingFilter.doFilter(DefaultLoginPageGeneratingFilter.java:223) ~[spring-security-web-5.5.4.jar:5.5.4]
	at org.springframework.security.web.FilterChainProxy$VirtualFilterChain.doFilter(FilterChainProxy.java:336) ~[spring-security-web-5.5.4.jar:5.5.4]
	at org.springframework.security.web.authentication.AbstractAuthenticationProcessingFilter.doFilter(AbstractAuthenticationProcessingFilter.java:218) ~[spring-security-web-5.5.4.jar:5.5.4]
	at org.springframework.security.web.authentication.AbstractAuthenticationProcessingFilter.doFilter(AbstractAuthenticationProcessingFilter.java:212) ~[spring-security-web-5.5.4.jar:5.5.4]
	at org.springframework.security.web.FilterChainProxy$VirtualFilterChain.doFilter(FilterChainProxy.java:336) ~[spring-security-web-5.5.4.jar:5.5.4]
	at org.springframework.security.web.authentication.logout.LogoutFilter.doFilter(LogoutFilter.java:103) ~[spring-security-web-5.5.4.jar:5.5.4]
	at org.springframework.security.web.authentication.logout.LogoutFilter.doFilter(LogoutFilter.java:89) ~[spring-security-web-5.5.4.jar:5.5.4]
	at org.springframework.security.web.FilterChainProxy$VirtualFilterChain.doFilter(FilterChainProxy.java:336) ~[spring-security-web-5.5.4.jar:5.5.4]
	at org.springframework.security.web.header.HeaderWriterFilter.doHeadersAfter(HeaderWriterFilter.java:90) ~[spring-security-web-5.5.4.jar:5.5.4]
	at org.springframework.security.web.header.HeaderWriterFilter.doFilterInternal(HeaderWriterFilter.java:75) ~[spring-security-web-5.5.4.jar:5.5.4]
	at org.springframework.web.filter.OncePerRequestFilter.doFilter(OncePerRequestFilter.java:117) ~[spring-web-5.3.15.jar:5.3.15]
	at org.springframework.security.web.FilterChainProxy$VirtualFilterChain.doFilter(FilterChainProxy.java:336) ~[spring-security-web-5.5.4.jar:5.5.4]
	at org.springframework.security.web.context.SecurityContextPersistenceFilter.doFilter(SecurityContextPersistenceFilter.java:110) ~[spring-security-web-5.5.4.jar:5.5.4]
	at org.springframework.security.web.context.SecurityContextPersistenceFilter.doFilter(SecurityContextPersistenceFilter.java:80) ~[spring-security-web-5.5.4.jar:5.5.4]
	at org.springframework.security.web.FilterChainProxy$VirtualFilterChain.doFilter(FilterChainProxy.java:336) ~[spring-security-web-5.5.4.jar:5.5.4]
	at org.springframework.security.web.context.request.async.WebAsyncManagerIntegrationFilter.doFilterInternal(WebAsyncManagerIntegrationFilter.java:55) ~[spring-security-web-5.5.4.jar:5.5.4]
	at org.springframework.web.filter.OncePerRequestFilter.doFilter(OncePerRequestFilter.java:117) ~[spring-web-5.3.15.jar:5.3.15]
	at org.springframework.security.web.FilterChainProxy$VirtualFilterChain.doFilter(FilterChainProxy.java:336) ~[spring-security-web-5.5.4.jar:5.5.4]
	at org.springframework.security.web.FilterChainProxy.doFilterInternal(FilterChainProxy.java:211) ~[spring-security-web-5.5.4.jar:5.5.4]
	at org.springframework.security.web.FilterChainProxy.doFilter(FilterChainProxy.java:183) ~[spring-security-web-5.5.4.jar:5.5.4]
	at org.springframework.web.filter.DelegatingFilterProxy.invokeDelegate(DelegatingFilterProxy.java:354) ~[spring-web-5.3.15.jar:5.3.15]
	at org.springframework.web.filter.DelegatingFilterProxy.doFilter(DelegatingFilterProxy.java:267) ~[spring-web-5.3.15.jar:5.3.15]
	at org.apache.catalina.core.ApplicationFilterChain.internalDoFilter(ApplicationFilterChain.java:189) ~[tomcat-embed-core-9.0.56.jar:9.0.56]
	at org.apache.catalina.core.ApplicationFilterChain.doFilter(ApplicationFilterChain.java:162) ~[tomcat-embed-core-9.0.56.jar:9.0.56]
	at org.springframework.web.filter.RequestContextFilter.doFilterInternal(RequestContextFilter.java:100) ~[spring-web-5.3.15.jar:5.3.15]
	at org.springframework.web.filter.OncePerRequestFilter.doFilter(OncePerRequestFilter.java:117) ~[spring-web-5.3.15.jar:5.3.15]
	at org.apache.catalina.core.ApplicationFilterChain.internalDoFilter(ApplicationFilterChain.java:189) ~[tomcat-embed-core-9.0.56.jar:9.0.56]
	at org.apache.catalina.core.ApplicationFilterChain.doFilter(ApplicationFilterChain.java:162) ~[tomcat-embed-core-9.0.56.jar:9.0.56]
	at org.springframework.web.filter.FormContentFilter.doFilterInternal(FormContentFilter.java:93) ~[spring-web-5.3.15.jar:5.3.15]
	at org.springframework.web.filter.OncePerRequestFilter.doFilter(OncePerRequestFilter.java:117) ~[spring-web-5.3.15.jar:5.3.15]
	at org.apache.catalina.core.ApplicationFilterChain.internalDoFilter(ApplicationFilterChain.java:189) ~[tomcat-embed-core-9.0.56.jar:9.0.56]
	at org.apache.catalina.core.ApplicationFilterChain.doFilter(ApplicationFilterChain.java:162) ~[tomcat-embed-core-9.0.56.jar:9.0.56]
	at org.springframework.boot.actuate.metrics.web.servlet.WebMvcMetricsFilter.doFilterInternal(WebMvcMetricsFilter.java:96) ~[spring-boot-actuator-2.5.9.jar:2.5.9]
	at org.springframework.web.filter.OncePerRequestFilter.doFilter(OncePerRequestFilter.java:117) ~[spring-web-5.3.15.jar:5.3.15]
	at org.apache.catalina.core.ApplicationFilterChain.internalDoFilter(ApplicationFilterChain.java:189) ~[tomcat-embed-core-9.0.56.jar:9.0.56]
	at org.apache.catalina.core.ApplicationFilterChain.doFilter(ApplicationFilterChain.java:162) ~[tomcat-embed-core-9.0.56.jar:9.0.56]
	at org.springframework.web.filter.CharacterEncodingFilter.doFilterInternal(CharacterEncodingFilter.java:201) ~[spring-web-5.3.15.jar:5.3.15]
	at org.springframework.web.filter.OncePerRequestFilter.doFilter(OncePerRequestFilter.java:117) ~[spring-web-5.3.15.jar:5.3.15]
	at org.apache.catalina.core.ApplicationFilterChain.internalDoFilter(ApplicationFilterChain.java:189) ~[tomcat-embed-core-9.0.56.jar:9.0.56]
	at org.apache.catalina.core.ApplicationFilterChain.doFilter(ApplicationFilterChain.java:162) ~[tomcat-embed-core-9.0.56.jar:9.0.56]
	at org.apache.catalina.core.StandardWrapperValve.invoke(StandardWrapperValve.java:197) [tomcat-embed-core-9.0.56.jar:9.0.56]
	at org.apache.catalina.core.StandardContextValve.invoke(StandardContextValve.java:97) [tomcat-embed-core-9.0.56.jar:9.0.56]
	at org.apache.catalina.authenticator.AuthenticatorBase.invoke(AuthenticatorBase.java:540) [tomcat-embed-core-9.0.56.jar:9.0.56]
	at org.apache.catalina.core.StandardHostValve.invoke(StandardHostValve.java:135) [tomcat-embed-core-9.0.56.jar:9.0.56]
	at org.apache.catalina.valves.ErrorReportValve.invoke(ErrorReportValve.java:92) [tomcat-embed-core-9.0.56.jar:9.0.56]
	at org.apache.catalina.core.StandardEngineValve.invoke(StandardEngineValve.java:78) [tomcat-embed-core-9.0.56.jar:9.0.56]
	at org.apache.catalina.connector.CoyoteAdapter.service(CoyoteAdapter.java:357) [tomcat-embed-core-9.0.56.jar:9.0.56]
	at org.apache.coyote.http11.Http11Processor.service(Http11Processor.java:382) [tomcat-embed-core-9.0.56.jar:9.0.56]
	at org.apache.coyote.AbstractProcessorLight.process(AbstractProcessorLight.java:65) [tomcat-embed-core-9.0.56.jar:9.0.56]
	at org.apache.coyote.AbstractProtocol$ConnectionHandler.process(AbstractProtocol.java:895) [tomcat-embed-core-9.0.56.jar:9.0.56]
	at org.apache.tomcat.util.net.NioEndpoint$SocketProcessor.doRun(NioEndpoint.java:1732) [tomcat-embed-core-9.0.56.jar:9.0.56]
	at org.apache.tomcat.util.net.SocketProcessorBase.run(SocketProcessorBase.java:49) [tomcat-embed-core-9.0.56.jar:9.0.56]
	at org.apache.tomcat.util.threads.ThreadPoolExecutor.runWorker(ThreadPoolExecutor.java:1191) [tomcat-embed-core-9.0.56.jar:9.0.56]
	at org.apache.tomcat.util.threads.ThreadPoolExecutor$Worker.run(ThreadPoolExecutor.java:659) [tomcat-embed-core-9.0.56.jar:9.0.56]
	at org.apache.tomcat.util.threads.TaskThread$WrappingRunnable.run(TaskThread.java:61) [tomcat-embed-core-9.0.56.jar:9.0.56]
	at java.lang.Thread.run(Thread.java:834) [?:?]
2022-02-17 14:17:54 INFO Error parsing HTTP request header
 Note: further occurrences of HTTP request parsing errors will be logged at DEBUG level.
java.lang.IllegalArgumentException: Invalid character found in method name [0x030x000x000x130x0e0xe00x000x000x000x000x000x010x000x080x000x030x000x000x00...]. HTTP method names must be tokens
	at org.apache.coyote.http11.Http11InputBuffer.parseRequestLine(Http11InputBuffer.java:419) ~[tomcat-embed-core-9.0.56.jar:9.0.56]
	at org.apache.coyote.http11.Http11Processor.service(Http11Processor.java:269) [tomcat-embed-core-9.0.56.jar:9.0.56]
	at org.apache.coyote.AbstractProcessorLight.process(AbstractProcessorLight.java:65) [tomcat-embed-core-9.0.56.jar:9.0.56]
	at org.apache.coyote.AbstractProtocol$ConnectionHandler.process(AbstractProtocol.java:895) [tomcat-embed-core-9.0.56.jar:9.0.56]
	at org.apache.tomcat.util.net.NioEndpoint$SocketProcessor.doRun(NioEndpoint.java:1732) [tomcat-embed-core-9.0.56.jar:9.0.56]
	at org.apache.tomcat.util.net.SocketProcessorBase.run(SocketProcessorBase.java:49) [tomcat-embed-core-9.0.56.jar:9.0.56]
	at org.apache.tomcat.util.threads.ThreadPoolExecutor.runWorker(ThreadPoolExecutor.java:1191) [tomcat-embed-core-9.0.56.jar:9.0.56]
	at org.apache.tomcat.util.threads.ThreadPoolExecutor$Worker.run(ThreadPoolExecutor.java:659) [tomcat-embed-core-9.0.56.jar:9.0.56]
	at org.apache.tomcat.util.threads.TaskThread$WrappingRunnable.run(TaskThread.java:61) [tomcat-embed-core-9.0.56.jar:9.0.56]
	at java.lang.Thread.run(Thread.java:834) [?:?]
2022-02-17 15:56:25 INFO Starting ShoppingApplication using Java 11.0.10 on DESKTOP-POHND0E with PID 19976 (C:\Users\hwan\Desktop\shopping\build\classes\java\main started by hwan in C:\Users\hwan\Desktop\shopping)
2022-02-17 15:56:25 INFO No active profile set, falling back to default profiles: default
2022-02-17 15:56:25 INFO Devtools property defaults active! Set 'spring.devtools.add-properties' to 'false' to disable
2022-02-17 15:56:25 INFO For additional web related logging consider setting the 'logging.level.web' property to 'DEBUG'
2022-02-17 15:56:29 INFO Bootstrapping Spring Data JPA repositories in DEFAULT mode.
2022-02-17 15:56:29 INFO Finished Spring Data repository scanning in 98 ms. Found 2 JPA repository interfaces.
2022-02-17 15:56:30 INFO Bean 'org.springframework.security.access.expression.method.DefaultMethodSecurityExpressionHandler@4c96c1bf' of type [org.springframework.security.access.expression.method.DefaultMethodSecurityExpressionHandler] is not eligible for getting processed by all BeanPostProcessors (for example: not eligible for auto-proxying)
2022-02-17 15:56:30 INFO Bean 'methodSecurityMetadataSource' of type [org.springframework.security.access.method.DelegatingMethodSecurityMetadataSource] is not eligible for getting processed by all BeanPostProcessors (for example: not eligible for auto-proxying)
2022-02-17 15:56:31 INFO Tomcat initialized with port(s): 8080 (http)
2022-02-17 15:56:31 INFO Initializing ProtocolHandler ["http-nio-8080"]
2022-02-17 15:56:31 INFO Starting service [Tomcat]
2022-02-17 15:56:31 INFO Starting Servlet engine: [Apache Tomcat/9.0.56]
2022-02-17 15:56:32 INFO Initializing Spring embedded WebApplicationContext
2022-02-17 15:56:32 INFO Root WebApplicationContext: initialization completed in 6601 ms
2022-02-17 15:56:32 INFO HikariPool-1 - Starting...
2022-02-17 15:56:32 INFO HikariPool-1 - Start completed.
2022-02-17 15:56:32 INFO H2 console available at '/h2-console'. Database available at 'jdbc:h2:tcp://localhost/~/vue'
2022-02-17 15:56:33 INFO HHH000204: Processing PersistenceUnitInfo [name: default]
2022-02-17 15:56:33 INFO HHH000412: Hibernate ORM core version 5.4.33
2022-02-17 15:56:33 INFO HCANN000001: Hibernate Commons Annotations {5.1.2.Final}
2022-02-17 15:56:33 INFO HHH000400: Using dialect: org.hibernate.dialect.H2Dialect
2022-02-17 15:56:35 INFO HHH000490: Using JtaPlatform implementation: [org.hibernate.engine.transaction.jta.platform.internal.NoJtaPlatform]
2022-02-17 15:56:35 INFO Initialized JPA EntityManagerFactory for persistence unit 'default'
2022-02-17 15:56:36 WARN spring.jpa.open-in-view is enabled by default. Therefore, database queries may be performed during view rendering. Explicitly configure spring.jpa.open-in-view to disable this warning
2022-02-17 15:56:37 INFO Exposing 1 endpoint(s) beneath base path '/actuator'
2022-02-17 15:56:37 INFO Will secure Ant [pattern='/css/**'] with []
2022-02-17 15:56:37 INFO Will secure Ant [pattern='/js/**'] with []
2022-02-17 15:56:37 INFO Will secure Ant [pattern='/img/**'] with []
2022-02-17 15:56:37 INFO Will secure Ant [pattern='/lib/**'] with []
2022-02-17 15:56:38 INFO Will secure any request with [org.springframework.security.web.context.request.async.WebAsyncManagerIntegrationFilter@4f5b37aa, org.springframework.security.web.context.SecurityContextPersistenceFilter@544fb91b, org.springframework.security.web.header.HeaderWriterFilter@50c9dbac, org.springframework.security.web.authentication.logout.LogoutFilter@bc4453d, org.springframework.security.web.authentication.UsernamePasswordAuthenticationFilter@145750c1, org.springframework.security.web.authentication.ui.DefaultLoginPageGeneratingFilter@2dc24ab4, org.springframework.security.web.authentication.ui.DefaultLogoutPageGeneratingFilter@20b6bd0d, org.springframework.security.web.savedrequest.RequestCacheAwareFilter@5586fa87, org.springframework.security.web.servletapi.SecurityContextHolderAwareRequestFilter@3652e3ca, org.springframework.security.web.authentication.AnonymousAuthenticationFilter@4ca45a6, org.springframework.security.web.session.SessionManagementFilter@1713659b, org.springframework.security.web.access.ExceptionTranslationFilter@b8c87df, org.springframework.security.web.access.intercept.FilterSecurityInterceptor@72852a53]
2022-02-17 15:56:38 INFO LiveReload server is running on port 35729
2022-02-17 15:56:38 INFO Adding welcome page: class path resource [static/index.html]
2022-02-17 15:56:39 INFO Starting ProtocolHandler ["http-nio-8080"]
2022-02-17 15:56:39 INFO Tomcat started on port(s): 8080 (http) with context path ''
2022-02-17 15:56:39 INFO Started ShoppingApplication in 16.073 seconds (JVM running for 18.901)
2022-02-17 15:59:18 INFO Initializing Spring DispatcherServlet 'dispatcherServlet'
2022-02-17 15:59:18 INFO Initializing Servlet 'dispatcherServlet'
2022-02-17 15:59:18 INFO Completed initialization in 4 ms
2022-02-17 15:59:18 WARN Resolved [org.springframework.http.converter.HttpMessageNotReadableException: JSON parse error: Cannot deserialize value of type `com.hwan.shopping.enums.Role` from String "ROLE_GUEST": not one of the values accepted for Enum class: [GUEST, USER, ADMIN]; nested exception is com.fasterxml.jackson.databind.exc.InvalidFormatException: Cannot deserialize value of type `com.hwan.shopping.enums.Role` from String "ROLE_GUEST": not one of the values accepted for Enum class: [GUEST, USER, ADMIN]<EOL> at [Source: (PushbackInputStream); line: 1, column: 56] (through reference chain: com.hwan.shopping.dto.AccountRequestDto["role"])]
2022-02-17 16:10:21 WARN Creation of SecureRandom instance for session ID generation using [SHA1PRNG] took [955] milliseconds.
2022-02-17 17:21:45 INFO Starting ShoppingApplication using Java 11.0.10 on DESKTOP-POHND0E with PID 2284 (C:\Users\hwan\Desktop\shopping\build\classes\java\main started by hwan in C:\Users\hwan\Desktop\shopping)
2022-02-17 17:21:45 INFO No active profile set, falling back to default profiles: default
2022-02-17 17:21:45 INFO Devtools property defaults active! Set 'spring.devtools.add-properties' to 'false' to disable
2022-02-17 17:21:45 INFO For additional web related logging consider setting the 'logging.level.web' property to 'DEBUG'
2022-02-17 17:21:47 INFO Bootstrapping Spring Data JPA repositories in DEFAULT mode.
2022-02-17 17:21:47 INFO Finished Spring Data repository scanning in 95 ms. Found 2 JPA repository interfaces.
2022-02-17 17:21:48 INFO Bean 'org.springframework.security.access.expression.method.DefaultMethodSecurityExpressionHandler@ead86fc' of type [org.springframework.security.access.expression.method.DefaultMethodSecurityExpressionHandler] is not eligible for getting processed by all BeanPostProcessors (for example: not eligible for auto-proxying)
2022-02-17 17:21:48 INFO Bean 'methodSecurityMetadataSource' of type [org.springframework.security.access.method.DelegatingMethodSecurityMetadataSource] is not eligible for getting processed by all BeanPostProcessors (for example: not eligible for auto-proxying)
2022-02-17 17:21:50 INFO Tomcat initialized with port(s): 8080 (http)
2022-02-17 17:21:50 INFO Initializing ProtocolHandler ["http-nio-8080"]
2022-02-17 17:21:50 INFO Starting service [Tomcat]
2022-02-17 17:21:50 INFO Starting Servlet engine: [Apache Tomcat/9.0.56]
2022-02-17 17:21:50 INFO Initializing Spring embedded WebApplicationContext
2022-02-17 17:21:50 INFO Root WebApplicationContext: initialization completed in 5392 ms
2022-02-17 17:21:50 INFO HikariPool-1 - Starting...
2022-02-17 17:21:51 INFO HikariPool-1 - Start completed.
2022-02-17 17:21:51 INFO H2 console available at '/h2-console'. Database available at 'jdbc:h2:tcp://localhost/~/vue'
2022-02-17 17:21:51 INFO HHH000204: Processing PersistenceUnitInfo [name: default]
2022-02-17 17:21:51 INFO HHH000412: Hibernate ORM core version 5.4.33
2022-02-17 17:21:52 INFO HCANN000001: Hibernate Commons Annotations {5.1.2.Final}
2022-02-17 17:21:52 INFO HHH000400: Using dialect: org.hibernate.dialect.H2Dialect
2022-02-17 17:21:53 INFO HHH000490: Using JtaPlatform implementation: [org.hibernate.engine.transaction.jta.platform.internal.NoJtaPlatform]
2022-02-17 17:21:53 INFO Initialized JPA EntityManagerFactory for persistence unit 'default'
2022-02-17 17:21:54 WARN spring.jpa.open-in-view is enabled by default. Therefore, database queries may be performed during view rendering. Explicitly configure spring.jpa.open-in-view to disable this warning
2022-02-17 17:21:55 INFO Exposing 1 endpoint(s) beneath base path '/actuator'
2022-02-17 17:21:55 INFO Will secure Ant [pattern='/css/**'] with []
2022-02-17 17:21:55 INFO Will secure Ant [pattern='/js/**'] with []
2022-02-17 17:21:55 INFO Will secure Ant [pattern='/img/**'] with []
2022-02-17 17:21:55 INFO Will secure Ant [pattern='/lib/**'] with []
2022-02-17 17:21:55 INFO Will secure any request with [org.springframework.security.web.context.request.async.WebAsyncManagerIntegrationFilter@4da38d3d, org.springframework.security.web.context.SecurityContextPersistenceFilter@12694522, org.springframework.security.web.header.HeaderWriterFilter@4f789c27, org.springframework.security.web.authentication.logout.LogoutFilter@3ef8dadf, org.springframework.security.web.authentication.UsernamePasswordAuthenticationFilter@546da0fb, org.springframework.security.web.authentication.ui.DefaultLoginPageGeneratingFilter@469d72f1, org.springframework.security.web.authentication.ui.DefaultLogoutPageGeneratingFilter@748a327d, org.springframework.security.web.savedrequest.RequestCacheAwareFilter@37e8c683, org.springframework.security.web.servletapi.SecurityContextHolderAwareRequestFilter@5d6e65d0, org.springframework.security.web.authentication.AnonymousAuthenticationFilter@66905348, org.springframework.security.web.session.SessionManagementFilter@1fdc1251, org.springframework.security.web.access.ExceptionTranslationFilter@78795921, org.springframework.security.web.access.intercept.FilterSecurityInterceptor@89228bb]
2022-02-17 17:21:56 INFO LiveReload server is running on port 35729
2022-02-17 17:21:56 INFO Adding welcome page: class path resource [static/index.html]
2022-02-17 17:21:56 INFO Starting ProtocolHandler ["http-nio-8080"]
2022-02-17 17:21:56 INFO Tomcat started on port(s): 8080 (http) with context path ''
2022-02-17 17:21:57 INFO Started ShoppingApplication in 12.953 seconds (JVM running for 14.834)
2022-02-17 17:31:25 INFO Initializing Spring DispatcherServlet 'dispatcherServlet'
2022-02-17 17:31:25 INFO Initializing Servlet 'dispatcherServlet'
2022-02-17 17:31:25 INFO Completed initialization in 4 ms
2022-02-17 17:32:46 WARN Resolved [org.springframework.web.HttpMediaTypeNotSupportedException: Content type 'application/x-www-form-urlencoded;charset=UTF-8' not supported]
2022-02-17 17:33:34 WARN Creation of SecureRandom instance for session ID generation using [SHA1PRNG] took [720] milliseconds.
2022-02-17 17:39:27 INFO Starting ShoppingApplication using Java 11.0.10 on DESKTOP-POHND0E with PID 472 (C:\Users\hwan\Desktop\shopping\build\classes\java\main started by hwan in C:\Users\hwan\Desktop\shopping)
2022-02-17 17:39:27 INFO No active profile set, falling back to default profiles: default
2022-02-17 17:39:27 INFO Devtools property defaults active! Set 'spring.devtools.add-properties' to 'false' to disable
2022-02-17 17:39:27 INFO For additional web related logging consider setting the 'logging.level.web' property to 'DEBUG'
2022-02-17 17:39:31 INFO Bootstrapping Spring Data JPA repositories in DEFAULT mode.
2022-02-17 17:39:31 INFO Finished Spring Data repository scanning in 130 ms. Found 2 JPA repository interfaces.
2022-02-17 17:39:32 INFO Bean 'org.springframework.security.access.expression.method.DefaultMethodSecurityExpressionHandler@39c5e4dc' of type [org.springframework.security.access.expression.method.DefaultMethodSecurityExpressionHandler] is not eligible for getting processed by all BeanPostProcessors (for example: not eligible for auto-proxying)
2022-02-17 17:39:32 INFO Bean 'methodSecurityMetadataSource' of type [org.springframework.security.access.method.DelegatingMethodSecurityMetadataSource] is not eligible for getting processed by all BeanPostProcessors (for example: not eligible for auto-proxying)
2022-02-17 17:39:34 INFO Tomcat initialized with port(s): 8080 (http)
2022-02-17 17:39:34 INFO Initializing ProtocolHandler ["http-nio-8080"]
2022-02-17 17:39:34 INFO Starting service [Tomcat]
2022-02-17 17:39:34 INFO Starting Servlet engine: [Apache Tomcat/9.0.56]
2022-02-17 17:39:34 INFO Initializing Spring embedded WebApplicationContext
2022-02-17 17:39:34 INFO Root WebApplicationContext: initialization completed in 7125 ms
2022-02-17 17:39:35 INFO HikariPool-1 - Starting...
2022-02-17 17:39:35 INFO HikariPool-1 - Start completed.
2022-02-17 17:39:35 INFO H2 console available at '/h2-console'. Database available at 'jdbc:h2:tcp://localhost/~/vue'
2022-02-17 17:39:35 INFO HHH000204: Processing PersistenceUnitInfo [name: default]
2022-02-17 17:39:36 INFO HHH000412: Hibernate ORM core version 5.4.33
2022-02-17 17:39:36 INFO HCANN000001: Hibernate Commons Annotations {5.1.2.Final}
2022-02-17 17:39:36 INFO HHH000400: Using dialect: org.hibernate.dialect.H2Dialect
2022-02-17 17:39:38 INFO HHH000490: Using JtaPlatform implementation: [org.hibernate.engine.transaction.jta.platform.internal.NoJtaPlatform]
2022-02-17 17:39:38 INFO Initialized JPA EntityManagerFactory for persistence unit 'default'
2022-02-17 17:39:39 WARN spring.jpa.open-in-view is enabled by default. Therefore, database queries may be performed during view rendering. Explicitly configure spring.jpa.open-in-view to disable this warning
2022-02-17 17:39:40 INFO Exposing 1 endpoint(s) beneath base path '/actuator'
2022-02-17 17:39:40 INFO Will secure Ant [pattern='/css/**'] with []
2022-02-17 17:39:40 INFO Will secure Ant [pattern='/js/**'] with []
2022-02-17 17:39:40 INFO Will secure Ant [pattern='/img/**'] with []
2022-02-17 17:39:40 INFO Will secure Ant [pattern='/lib/**'] with []
2022-02-17 17:39:40 INFO Will secure any request with [org.springframework.security.web.context.request.async.WebAsyncManagerIntegrationFilter@50da55df, org.springframework.security.web.context.SecurityContextPersistenceFilter@7314529e, org.springframework.security.web.header.HeaderWriterFilter@76ad9f, org.springframework.security.web.authentication.logout.LogoutFilter@19fb7b9e, org.springframework.security.web.authentication.UsernamePasswordAuthenticationFilter@53b5427b, org.springframework.security.web.authentication.ui.DefaultLoginPageGeneratingFilter@29cea01b, org.springframework.security.web.authentication.ui.DefaultLogoutPageGeneratingFilter@108ee65f, org.springframework.security.web.savedrequest.RequestCacheAwareFilter@594f0a03, org.springframework.security.web.servletapi.SecurityContextHolderAwareRequestFilter@44b2ce19, org.springframework.security.web.authentication.AnonymousAuthenticationFilter@4ee232b9, org.springframework.security.web.session.SessionManagementFilter@7e3c6332, org.springframework.security.web.access.ExceptionTranslationFilter@5e3b0ffd, org.springframework.security.web.access.intercept.FilterSecurityInterceptor@2ca5e923]
2022-02-17 17:39:41 INFO LiveReload server is running on port 35729
2022-02-17 17:39:41 INFO Adding welcome page: class path resource [static/index.html]
2022-02-17 17:39:41 INFO Starting ProtocolHandler ["http-nio-8080"]
2022-02-17 17:39:41 INFO Tomcat started on port(s): 8080 (http) with context path ''
2022-02-17 17:39:42 INFO Started ShoppingApplication in 16.285 seconds (JVM running for 18.358)
2022-02-17 17:45:08 INFO Initializing Spring DispatcherServlet 'dispatcherServlet'
2022-02-17 17:45:08 INFO Initializing Servlet 'dispatcherServlet'
2022-02-17 17:45:08 INFO Completed initialization in 7 ms
2022-02-17 17:45:10 WARN Creation of SecureRandom instance for session ID generation using [SHA1PRNG] took [1,082] milliseconds.
2022-02-17 21:28:10 INFO Error parsing HTTP request header
 Note: further occurrences of HTTP request parsing errors will be logged at DEBUG level.
java.lang.IllegalArgumentException: Invalid character found in method name [0x030x000x000x130x0e0xe00x000x000x000x000x000x010x000x080x000x020x000x000x00...]. HTTP method names must be tokens
	at org.apache.coyote.http11.Http11InputBuffer.parseRequestLine(Http11InputBuffer.java:419) ~[tomcat-embed-core-9.0.56.jar:9.0.56]
	at org.apache.coyote.http11.Http11Processor.service(Http11Processor.java:269) [tomcat-embed-core-9.0.56.jar:9.0.56]
	at org.apache.coyote.AbstractProcessorLight.process(AbstractProcessorLight.java:65) [tomcat-embed-core-9.0.56.jar:9.0.56]
	at org.apache.coyote.AbstractProtocol$ConnectionHandler.process(AbstractProtocol.java:895) [tomcat-embed-core-9.0.56.jar:9.0.56]
	at org.apache.tomcat.util.net.NioEndpoint$SocketProcessor.doRun(NioEndpoint.java:1732) [tomcat-embed-core-9.0.56.jar:9.0.56]
	at org.apache.tomcat.util.net.SocketProcessorBase.run(SocketProcessorBase.java:49) [tomcat-embed-core-9.0.56.jar:9.0.56]
	at org.apache.tomcat.util.threads.ThreadPoolExecutor.runWorker(ThreadPoolExecutor.java:1191) [tomcat-embed-core-9.0.56.jar:9.0.56]
	at org.apache.tomcat.util.threads.ThreadPoolExecutor$Worker.run(ThreadPoolExecutor.java:659) [tomcat-embed-core-9.0.56.jar:9.0.56]
	at org.apache.tomcat.util.threads.TaskThread$WrappingRunnable.run(TaskThread.java:61) [tomcat-embed-core-9.0.56.jar:9.0.56]
	at java.lang.Thread.run(Thread.java:834) [?:?]
