2022-02-07 10:45:54 INFO Starting ShoppingApplication using Java 11.0.10 on DESKTOP-POHND0E with PID 18540 (C:\Users\hwan\Desktop\shopping\build\classes\java\main started by hwan in C:\Users\hwan\Desktop\shopping)
2022-02-07 10:45:54 INFO No active profile set, falling back to default profiles: default
2022-02-07 10:45:55 INFO Devtools property defaults active! Set 'spring.devtools.add-properties' to 'false' to disable
2022-02-07 10:45:55 INFO For additional web related logging consider setting the 'logging.level.web' property to 'DEBUG'
2022-02-07 10:45:57 INFO Bootstrapping Spring Data JPA repositories in DEFAULT mode.
2022-02-07 10:45:57 INFO Finished Spring Data repository scanning in 72 ms. Found 1 JPA repository interfaces.
2022-02-07 10:45:59 INFO Tomcat initialized with port(s): 8080 (http)
2022-02-07 10:45:59 INFO Initializing ProtocolHandler ["http-nio-8080"]
2022-02-07 10:45:59 INFO Starting service [Tomcat]
2022-02-07 10:45:59 INFO Starting Servlet engine: [Apache Tomcat/9.0.56]
2022-02-07 10:45:59 INFO Initializing Spring embedded WebApplicationContext
2022-02-07 10:45:59 INFO Root WebApplicationContext: initialization completed in 4787 ms
2022-02-07 10:46:00 INFO HikariPool-1 - Starting...
2022-02-07 10:46:00 INFO HikariPool-1 - Start completed.
2022-02-07 10:46:00 INFO H2 console available at '/h2-console'. Database available at 'jdbc:h2:tcp://localhost/~/vue'
2022-02-07 10:46:00 INFO HHH000204: Processing PersistenceUnitInfo [name: default]
2022-02-07 10:46:00 INFO HHH000412: Hibernate ORM core version 5.4.33
2022-02-07 10:46:01 INFO HCANN000001: Hibernate Commons Annotations {5.1.2.Final}
2022-02-07 10:46:01 INFO HHH000400: Using dialect: org.hibernate.dialect.H2Dialect
2022-02-07 10:46:02 INFO HHH000490: Using JtaPlatform implementation: [org.hibernate.engine.transaction.jta.platform.internal.NoJtaPlatform]
2022-02-07 10:46:02 INFO Initialized JPA EntityManagerFactory for persistence unit 'default'
2022-02-07 10:46:03 WARN spring.jpa.open-in-view is enabled by default. Therefore, database queries may be performed during view rendering. Explicitly configure spring.jpa.open-in-view to disable this warning
2022-02-07 10:46:03 INFO Exposing 1 endpoint(s) beneath base path '/actuator'
2022-02-07 10:46:04 INFO LiveReload server is running on port 35729
2022-02-07 10:46:04 INFO Starting ProtocolHandler ["http-nio-8080"]
2022-02-07 10:46:04 INFO Tomcat started on port(s): 8080 (http) with context path ''
2022-02-07 10:46:05 INFO Started ShoppingApplication in 11.152 seconds (JVM running for 13.116)
2022-02-07 10:47:32 INFO Initializing Spring DispatcherServlet 'dispatcherServlet'
2022-02-07 10:47:32 INFO Initializing Servlet 'dispatcherServlet'
2022-02-07 10:47:32 INFO Completed initialization in 2 ms
2022-02-07 15:25:42 INFO Error parsing HTTP request header
 Note: further occurrences of HTTP request parsing errors will be logged at DEBUG level.
java.lang.IllegalArgumentException: Invalid character found in method name [0x160x030x010x000x8a0x010x000x000x860x030x0380xae0xcb0x0f0x1c0x140xb40xce0xa20x120xb80xb6i0xf4Q0xa60xf7<0xd3"0xd80xfe0xa30xe30xf40x13*W:0xc90xd80xab0x000x000x1a0xc0/0xc0+0xc00x110xc00x070xc00x130xc00x090xc00x140xc00x0a0x000x050x00/0x0050xc00x120x000x0a0x010x000x00C0x000x000x000x110x000x0f0x000x000x0c122.35.29.200x000x050x000x050x010x000x000x000x000x000x0a0x000x080x000x060x000x170x000x180x000x190x000x0b0x000x020x010x000x000x0d0x000x0a0x000x080x040x010x040x030x020x010x020x030xff0x010x000x010x00...]. HTTP method names must be tokens
	at org.apache.coyote.http11.Http11InputBuffer.parseRequestLine(Http11InputBuffer.java:419) ~[tomcat-embed-core-9.0.56.jar:9.0.56]
	at org.apache.coyote.http11.Http11Processor.service(Http11Processor.java:269) [tomcat-embed-core-9.0.56.jar:9.0.56]
	at org.apache.coyote.AbstractProcessorLight.process(AbstractProcessorLight.java:65) [tomcat-embed-core-9.0.56.jar:9.0.56]
	at org.apache.coyote.AbstractProtocol$ConnectionHandler.process(AbstractProtocol.java:895) [tomcat-embed-core-9.0.56.jar:9.0.56]
	at org.apache.tomcat.util.net.NioEndpoint$SocketProcessor.doRun(NioEndpoint.java:1732) [tomcat-embed-core-9.0.56.jar:9.0.56]
	at org.apache.tomcat.util.net.SocketProcessorBase.run(SocketProcessorBase.java:49) [tomcat-embed-core-9.0.56.jar:9.0.56]
	at org.apache.tomcat.util.threads.ThreadPoolExecutor.runWorker(ThreadPoolExecutor.java:1191) [tomcat-embed-core-9.0.56.jar:9.0.56]
	at org.apache.tomcat.util.threads.ThreadPoolExecutor$Worker.run(ThreadPoolExecutor.java:659) [tomcat-embed-core-9.0.56.jar:9.0.56]
	at org.apache.tomcat.util.threads.TaskThread$WrappingRunnable.run(TaskThread.java:61) [tomcat-embed-core-9.0.56.jar:9.0.56]
	at java.lang.Thread.run(Thread.java:834) [?:?]
