2022-02-06 09:44:18 INFO Starting ShoppingApplication using Java 11.0.10 on DESKTOP-POHND0E with PID 3628 (C:\Users\hwan\Desktop\shopping\build\classes\java\main started by hwan in C:\Users\hwan\Desktop\shopping)
2022-02-06 09:44:18 INFO No active profile set, falling back to default profiles: default
2022-02-06 09:44:18 INFO Devtools property defaults active! Set 'spring.devtools.add-properties' to 'false' to disable
2022-02-06 09:44:18 INFO For additional web related logging consider setting the 'logging.level.web' property to 'DEBUG'
2022-02-06 09:44:23 INFO Bootstrapping Spring Data JPA repositories in DEFAULT mode.
2022-02-06 09:44:23 INFO Finished Spring Data repository scanning in 16 ms. Found 0 JPA repository interfaces.
2022-02-06 09:44:26 INFO Tomcat initialized with port(s): 8080 (http)
2022-02-06 09:44:26 INFO Initializing ProtocolHandler ["http-nio-8080"]
2022-02-06 09:44:26 INFO Starting service [Tomcat]
2022-02-06 09:44:26 INFO Starting Servlet engine: [Apache Tomcat/9.0.56]
2022-02-06 09:44:26 INFO Initializing Spring embedded WebApplicationContext
2022-02-06 09:44:26 INFO Root WebApplicationContext: initialization completed in 7831 ms
2022-02-06 09:44:27 INFO HikariPool-1 - Starting...
2022-02-06 09:44:27 INFO HikariPool-1 - Start completed.
2022-02-06 09:44:27 INFO H2 console available at '/h2-console'. Database available at 'jdbc:h2:tcp://localhost/~/vue'
2022-02-06 09:44:27 INFO HHH000204: Processing PersistenceUnitInfo [name: default]
2022-02-06 09:44:27 INFO HHH000412: Hibernate ORM core version 5.4.33
2022-02-06 09:44:28 INFO HCANN000001: Hibernate Commons Annotations {5.1.2.Final}
2022-02-06 09:44:28 INFO HHH000400: Using dialect: org.hibernate.dialect.H2Dialect
2022-02-06 09:44:29 INFO HHH000490: Using JtaPlatform implementation: [org.hibernate.engine.transaction.jta.platform.internal.NoJtaPlatform]
2022-02-06 09:44:29 INFO Initialized JPA EntityManagerFactory for persistence unit 'default'
2022-02-06 09:44:29 WARN spring.jpa.open-in-view is enabled by default. Therefore, database queries may be performed during view rendering. Explicitly configure spring.jpa.open-in-view to disable this warning
2022-02-06 09:44:30 INFO Exposing 1 endpoint(s) beneath base path '/actuator'
2022-02-06 09:44:30 INFO LiveReload server is running on port 35729
2022-02-06 09:44:31 INFO Starting ProtocolHandler ["http-nio-8080"]
2022-02-06 09:44:31 INFO Tomcat started on port(s): 8080 (http) with context path ''
2022-02-06 09:44:31 INFO Started ShoppingApplication in 15.055 seconds (JVM running for 18.262)
2022-02-06 10:11:51 INFO Initializing Spring DispatcherServlet 'dispatcherServlet'
2022-02-06 10:11:51 INFO Initializing Servlet 'dispatcherServlet'
2022-02-06 10:11:51 INFO Completed initialization in 4 ms
2022-02-06 10:11:51 WARN Resolved [org.springframework.web.HttpMediaTypeNotAcceptableException: Could not find acceptable representation]
2022-02-06 10:15:37 INFO Starting ShoppingApplication using Java 11.0.10 on DESKTOP-POHND0E with PID 4672 (C:\Users\hwan\Desktop\shopping\build\classes\java\main started by hwan in C:\Users\hwan\Desktop\shopping)
2022-02-06 10:15:37 INFO No active profile set, falling back to default profiles: default
2022-02-06 10:15:37 INFO Devtools property defaults active! Set 'spring.devtools.add-properties' to 'false' to disable
2022-02-06 10:15:37 INFO For additional web related logging consider setting the 'logging.level.web' property to 'DEBUG'
2022-02-06 10:15:40 INFO Bootstrapping Spring Data JPA repositories in DEFAULT mode.
2022-02-06 10:15:40 INFO Finished Spring Data repository scanning in 14 ms. Found 0 JPA repository interfaces.
2022-02-06 10:15:43 INFO Tomcat initialized with port(s): 8080 (http)
2022-02-06 10:15:43 INFO Initializing ProtocolHandler ["http-nio-8080"]
2022-02-06 10:15:43 INFO Starting service [Tomcat]
2022-02-06 10:15:43 INFO Starting Servlet engine: [Apache Tomcat/9.0.56]
2022-02-06 10:15:44 INFO Initializing Spring embedded WebApplicationContext
2022-02-06 10:15:44 INFO Root WebApplicationContext: initialization completed in 6364 ms
2022-02-06 10:15:44 INFO HikariPool-1 - Starting...
2022-02-06 10:15:44 INFO HikariPool-1 - Start completed.
2022-02-06 10:15:44 INFO H2 console available at '/h2-console'. Database available at 'jdbc:h2:tcp://localhost/~/vue'
2022-02-06 10:15:45 INFO HHH000204: Processing PersistenceUnitInfo [name: default]
2022-02-06 10:15:45 INFO HHH000412: Hibernate ORM core version 5.4.33
2022-02-06 10:15:45 INFO HCANN000001: Hibernate Commons Annotations {5.1.2.Final}
2022-02-06 10:15:46 INFO HHH000400: Using dialect: org.hibernate.dialect.H2Dialect
2022-02-06 10:15:47 INFO HHH000490: Using JtaPlatform implementation: [org.hibernate.engine.transaction.jta.platform.internal.NoJtaPlatform]
2022-02-06 10:15:47 INFO Initialized JPA EntityManagerFactory for persistence unit 'default'
2022-02-06 10:15:48 WARN spring.jpa.open-in-view is enabled by default. Therefore, database queries may be performed during view rendering. Explicitly configure spring.jpa.open-in-view to disable this warning
2022-02-06 10:15:49 INFO Exposing 1 endpoint(s) beneath base path '/actuator'
2022-02-06 10:15:50 INFO LiveReload server is running on port 35729
2022-02-06 10:15:51 INFO Starting ProtocolHandler ["http-nio-8080"]
2022-02-06 10:15:51 INFO Tomcat started on port(s): 8080 (http) with context path ''
2022-02-06 10:15:52 INFO Started ShoppingApplication in 15.831 seconds (JVM running for 18.079)
2022-02-06 10:43:56 INFO Initializing Spring DispatcherServlet 'dispatcherServlet'
2022-02-06 10:43:56 INFO Initializing Servlet 'dispatcherServlet'
2022-02-06 10:43:56 INFO Completed initialization in 3 ms
